<html>
<head>
<title>TestNG:  Проверка пополнения баланса</title>
<link href="../testng.css" rel="stylesheet" type="text/css" />
<link href="../my-testng.css" rel="stylesheet" type="text/css" />

<style type="text/css">
.log { display: none;} 
.stack-trace { display: none;} 
</style>
<script type="text/javascript">
<!--
function flip(e) {
  current = e.style.display;
  if (current == 'block') {
    e.style.display = 'none';
    return 0;
  }
  else {
    e.style.display = 'block';
    return 1;
  }
}

function toggleBox(szDivId, elem, msg1, msg2)
{
  var res = -1;  if (document.getElementById) {
    res = flip(document.getElementById(szDivId));
  }
  else if (document.all) {
    // this is the way old msie versions work
    res = flip(document.all[szDivId]);
  }
  if(elem) {
    if(res == 0) elem.innerHTML = msg1; else elem.innerHTML = msg2;
  }

}

function toggleAllBoxes() {
  if (document.getElementsByTagName) {
    d = document.getElementsByTagName('div');
    for (i = 0; i < d.length; i++) {
      if (d[i].className == 'log') {
        flip(d[i]);
      }
    }
  }
}

// -->
</script>

</head>
<body>
<h2 align='center'>Проверка пополнения баланса</h2><table border='1' align="center">
<tr>
<td>Tests passed/Failed/Skipped:</td><td>0/0/2</td>
</tr><tr>
<td>Started on:</td><td>Mon Apr 03 09:22:08 KRAT 2017</td>
</tr>
<tr><td>Total time:</td><td>10 seconds (10179 ms)</td>
</tr><tr>
<td>Included groups:</td><td></td>
</tr><tr>
<td>Excluded groups:</td><td></td>
</tr>
</table><p/>
<small><i>(Hover the method name to see the test class name)</i></small><p/>
<table width='100%' border='1' class='invocation-failed'>
<tr><td colspan='4' align='center'><b>FAILED CONFIGURATIONS</b></td></tr>
<tr><td><b>Test method</b></td>
<td width="30%"><b>Exception</b></td>
<td width="10%"><b>Time (seconds)</b></td>
<td><b>Instance</b></td>
</tr>
<tr>
<td title='ru.st.selenium.testSuites.paymentTestSuite.PayRandomAmountTest.mayBeLogout()'><b>mayBeLogout</b><br>Test class: ru.st.selenium.testSuites.paymentTestSuite.PayRandomAmountTest</td>
<td><div><pre>java.io.IOException: Start audio capture failed
	at org.monte.screenrecorder.ScreenRecorder.start(ScreenRecorder.java:514)
	at ru.st.selenium.applogic2.VideoRecord2.startRecording(VideoRecord2.java:16)
	at ru.st.selenium.testSuites.paymentTestSuite.PayRandomAmountTest.mayBeLogout(PayRandomAmountTest.java:15)
	at org.apache.maven.surefire.testng.TestNGExecutor.run(TestNGExecutor.java:178)
	at org.apache.maven.surefire.testng.TestNGXmlTestSuite.execute(TestNGXmlTestSuite.java:92)
	at org.apache.maven.surefire.testng.TestNGProvider.invoke(TestNGProvider.java:96)
	at org.apache.maven.surefire.util.ReflectionUtils.invokeMethodWithArray(ReflectionUtils.java:189)
	at org.apache.maven.surefire.booter.ProviderFactory$ProviderProxy.invoke(ProviderFactory.java:165)
	at org.apache.maven.surefire.booter.ProviderFactory.invokeProvider(ProviderFactory.java:85)
	at org.apache.maven.surefire.booter.ForkedBooter.runSuitesInProcess(ForkedBooter.java:115)
	at org.apache.maven.surefire.booter.ForkedBooter.main(ForkedBooter.java:75)
Caused by: javax.sound.sampled.LineUnavailableException: line with format PCM_SIGNED 48000.0 Hz, 16 bit, stereo, 4 bytes/frame, big-endian not supported.
	at com.sun.media.sound.DirectAudioDevice$DirectDL.implOpen(DirectAudioDevice.java:513)
	at com.sun.media.sound.AbstractDataLine.open(AbstractDataLine.java:121)
	at com.sun.media.sound.AbstractDataLine.open(AbstractDataLine.java:413)
	at org.monte.screenrecorder.ScreenRecorder$AudioGrabber.&lt;init&gt;(ScreenRecorder.java:1009)
	at org.monte.screenrecorder.ScreenRecorder.startAudioCapture(ScreenRecorder.java:928)
	at org.monte.screenrecorder.ScreenRecorder.start(ScreenRecorder.java:512)
	... 37 more
... Removed 27 stack frames</pre></div><a href='#' onClick='toggleBox("stack-trace638169719", this, "Click to show all stack frames", "Click to hide stack frames")'>Click to show all stack frames</a>
<div class='stack-trace' id='stack-trace638169719'><pre>java.io.IOException: Start audio capture failed
	at org.monte.screenrecorder.ScreenRecorder.start(ScreenRecorder.java:514)
	at ru.st.selenium.applogic2.VideoRecord2.startRecording(VideoRecord2.java:16)
	at ru.st.selenium.testSuites.paymentTestSuite.PayRandomAmountTest.mayBeLogout(PayRandomAmountTest.java:15)
	at sun.reflect.NativeMethodAccessorImpl.invoke0(Native Method)
	at sun.reflect.NativeMethodAccessorImpl.invoke(NativeMethodAccessorImpl.java:62)
	at sun.reflect.DelegatingMethodAccessorImpl.invoke(DelegatingMethodAccessorImpl.java:43)
	at java.lang.reflect.Method.invoke(Method.java:498)
	at org.testng.internal.MethodInvocationHelper.invokeMethod(MethodInvocationHelper.java:80)
	at org.testng.internal.Invoker.invokeConfigurationMethod(Invoker.java:564)
	at org.testng.internal.Invoker.invokeConfigurations(Invoker.java:213)
	at org.testng.internal.Invoker.invokeMethod(Invoker.java:653)
	at org.testng.internal.Invoker.invokeTestMethod(Invoker.java:901)
	at org.testng.internal.Invoker.invokeTestMethods(Invoker.java:1231)
	at org.testng.internal.TestMethodWorker.invokeTestMethods(TestMethodWorker.java:127)
	at org.testng.internal.TestMethodWorker.run(TestMethodWorker.java:111)
	at org.testng.TestRunner.privateRun(TestRunner.java:767)
	at org.testng.TestRunner.run(TestRunner.java:617)
	at org.testng.SuiteRunner.runTest(SuiteRunner.java:334)
	at org.testng.SuiteRunner.runSequentially(SuiteRunner.java:329)
	at org.testng.SuiteRunner.privateRun(SuiteRunner.java:291)
	at org.testng.SuiteRunner.run(SuiteRunner.java:240)
	at org.testng.SuiteRunnerWorker.runSuite(SuiteRunnerWorker.java:52)
	at org.testng.SuiteRunnerWorker.run(SuiteRunnerWorker.java:86)
	at org.testng.TestNG.runSuitesSequentially(TestNG.java:1198)
	at org.testng.TestNG.runSuitesLocally(TestNG.java:1123)
	at org.testng.TestNG.run(TestNG.java:1031)
	at org.apache.maven.surefire.testng.TestNGExecutor.run(TestNGExecutor.java:178)
	at org.apache.maven.surefire.testng.TestNGXmlTestSuite.execute(TestNGXmlTestSuite.java:92)
	at org.apache.maven.surefire.testng.TestNGProvider.invoke(TestNGProvider.java:96)
	at sun.reflect.NativeMethodAccessorImpl.invoke0(Native Method)
	at sun.reflect.NativeMethodAccessorImpl.invoke(NativeMethodAccessorImpl.java:62)
	at sun.reflect.DelegatingMethodAccessorImpl.invoke(DelegatingMethodAccessorImpl.java:43)
	at java.lang.reflect.Method.invoke(Method.java:498)
	at org.apache.maven.surefire.util.ReflectionUtils.invokeMethodWithArray(ReflectionUtils.java:189)
	at org.apache.maven.surefire.booter.ProviderFactory$ProviderProxy.invoke(ProviderFactory.java:165)
	at org.apache.maven.surefire.booter.ProviderFactory.invokeProvider(ProviderFactory.java:85)
	at org.apache.maven.surefire.booter.ForkedBooter.runSuitesInProcess(ForkedBooter.java:115)
	at org.apache.maven.surefire.booter.ForkedBooter.main(ForkedBooter.java:75)
Caused by: javax.sound.sampled.LineUnavailableException: line with format PCM_SIGNED 48000.0 Hz, 16 bit, stereo, 4 bytes/frame, big-endian not supported.
	at com.sun.media.sound.DirectAudioDevice$DirectDL.implOpen(DirectAudioDevice.java:513)
	at com.sun.media.sound.AbstractDataLine.open(AbstractDataLine.java:121)
	at com.sun.media.sound.AbstractDataLine.open(AbstractDataLine.java:413)
	at org.monte.screenrecorder.ScreenRecorder$AudioGrabber.&lt;init&gt;(ScreenRecorder.java:1009)
	at org.monte.screenrecorder.ScreenRecorder.startAudioCapture(ScreenRecorder.java:928)
	at org.monte.screenrecorder.ScreenRecorder.start(ScreenRecorder.java:512)
	... 37 more
</pre></div></td>
<td>0</td>
<td>ru.st.selenium.testSuites.paymentTestSuite.PayRandomAmountTest@48503868</td></tr>
</table><p>
<table width='100%' border='1' class='invocation-skipped'>
<tr><td colspan='4' align='center'><b>SKIPPED CONFIGURATIONS</b></td></tr>
<tr><td><b>Test method</b></td>
<td width="30%"><b>Exception</b></td>
<td width="10%"><b>Time (seconds)</b></td>
<td><b>Instance</b></td>
</tr>
<tr>
<td title='ru.st.selenium.testSuites.paymentTestSuite.PayRandomAmountTest.mayBeLogout()'><b>mayBeLogout</b><br>Test class: ru.st.selenium.testSuites.paymentTestSuite.PayRandomAmountTest</td>
<td></td>
<td>0</td>
<td>ru.st.selenium.testSuites.paymentTestSuite.PayRandomAmountTest@48503868</td></tr>
<tr>
<td title='ru.st.selenium.testSuites.paymentTestSuite.PayRandomAmountTest.saveScreenshot()'><b>saveScreenshot</b><br>Test class: ru.st.selenium.testSuites.paymentTestSuite.PayRandomAmountTest</td>
<td></td>
<td>0</td>
<td>ru.st.selenium.testSuites.paymentTestSuite.PayRandomAmountTest@48503868</td></tr>
<tr>
<td title='ru.st.selenium.testSuites.paymentTestSuite.PayRandomAmountTest.stopRecording()'><b>stopRecording</b><br>Test class: ru.st.selenium.testSuites.paymentTestSuite.PayRandomAmountTest</td>
<td></td>
<td>0</td>
<td>ru.st.selenium.testSuites.paymentTestSuite.PayRandomAmountTest@48503868</td></tr>
<tr>
<td title='ru.st.selenium.testSuites.paymentTestSuite.PayRandomAmountTest.saveScreenshot()'><b>saveScreenshot</b><br>Test class: ru.st.selenium.testSuites.paymentTestSuite.PayRandomAmountTest</td>
<td></td>
<td>0</td>
<td>ru.st.selenium.testSuites.paymentTestSuite.PayRandomAmountTest@48503868</td></tr>
<tr>
<td title='ru.st.selenium.testSuites.paymentTestSuite.PayRandomAmountTest.stopRecording()'><b>stopRecording</b><br>Test class: ru.st.selenium.testSuites.paymentTestSuite.PayRandomAmountTest</td>
<td></td>
<td>0</td>
<td>ru.st.selenium.testSuites.paymentTestSuite.PayRandomAmountTest@48503868</td></tr>
</table><p>
<table width='100%' border='1' class='invocation-skipped'>
<tr><td colspan='4' align='center'><b>SKIPPED TESTS</b></td></tr>
<tr><td><b>Test method</b></td>
<td width="30%"><b>Exception</b></td>
<td width="10%"><b>Time (seconds)</b></td>
<td><b>Instance</b></td>
</tr>
<tr>
<td title='ru.st.selenium.testSuites.paymentTestSuite.PayRandomAmountTest.PayRandomAmountAutotester()'><b>PayRandomAmountAutotester</b><br>Test class: ru.st.selenium.testSuites.paymentTestSuite.PayRandomAmountTest</td>
<td></td>
<td>0</td>
<td>ru.st.selenium.testSuites.paymentTestSuite.PayRandomAmountTest@48503868</td></tr>
<tr>
<td title='ru.st.selenium.testSuites.paymentTestSuite.PayRandomAmountTest.PayRandomAmountTester2()'><b>PayRandomAmountTester2</b><br>Test class: ru.st.selenium.testSuites.paymentTestSuite.PayRandomAmountTest</td>
<td></td>
<td>0</td>
<td>ru.st.selenium.testSuites.paymentTestSuite.PayRandomAmountTest@48503868</td></tr>
</table><p>
</body>
</html>