<?xml version="1.0" encoding="UTF-8"?>
<!-- Generated by org.testng.reporters.JUnitXMLReporter -->
<testsuite hostname="DEVPC13" name="Проверка онлайна с камер" tests="2" failures="0" timestamp="5 Apr 2017 08:45:39 GMT" time="60.073" errors="0">
  <testcase name="VideoStreamOnlineTest1" time="18.299" classname="ru.st.selenium.testSuites.onlineTestSuite.VideoStreamOnlineTest"/>
  <testcase name="VideoStreamOnlineTest2" time="40.519" classname="ru.st.selenium.testSuites.onlineTestSuite.VideoStreamOnlineTest"/>
</testsuite> <!-- Проверка онлайна с камер -->
