<?xml version="1.0" encoding="UTF-8"?>
<!-- Generated by org.testng.reporters.JUnitXMLReporter -->
<testsuite hostname="DEVPC13" name="Проверка английской локализации" tests="2" failures="0" timestamp="5 Apr 2017 06:06:08 GMT" time="36.054" errors="0">
  <testcase name="AzebarjanLocalizationTest" time="11.336" classname="ru.st.selenium.testSuites.localizationSuite.EnglishLocalizationTest"/>
  <testcase name="EnglishLocalizationTest" time="7.897" classname="ru.st.selenium.testSuites.localizationSuite.EnglishLocalizationTest"/>
</testsuite> <!-- Проверка английской локализации -->
