<?xml version="1.0" encoding="UTF-8"?>
<!-- Generated by org.testng.reporters.JUnitXMLReporter -->
<testsuite hostname="Anton" name="Admin panel entry test" tests="3" failures="0" timestamp="7 Jan 2018 00:39:33 GMT" time="80.085" errors="0">
  <testcase name="adminAccountEntryWithBlankUser" time="16.818" classname="ru.st.selenium.testSuites.backEndTestSuite.AdminAccountEntry"/>
  <testcase name="adminAccountEntryWithExistingUser" time="28.817" classname="ru.st.selenium.testSuites.backEndTestSuite.AdminAccountEntry"/>
  <testcase name="adminAccountEntryWithNotExistingUser" time="14.863" classname="ru.st.selenium.testSuites.backEndTestSuite.AdminAccountEntry"/>
</testsuite> <!-- Admin panel entry test -->
