<?xml version="1.0" encoding="UTF-8"?>
<!-- Generated by org.testng.reporters.JUnitXMLReporter -->
<testsuite hostname="Anton" name="Login to account" tests="2" failures="0" timestamp="7 Jan 2018 00:33:59 GMT" time="85.663" errors="0">
  <testcase name="accountEntryWithExistingUser" time="63.916" classname="ru.st.selenium.testSuites.frontEndTestSuite.AccountEntryTest"/>
  <testcase name="accountEntryWithNotExistingUser" time="7.67" classname="ru.st.selenium.testSuites.frontEndTestSuite.AccountEntryTest"/>
</testsuite> <!-- Login to account -->
