<!DOCTYPE html>

<html>
  <head>
  <title>TestNG reports</title>

    <link type="text/css" href="testng-reports.css" rel="stylesheet" />  
    <script type="text/javascript" src="jquery-1.7.1.min.js"></script>
    <script type="text/javascript" src="testng-reports.js"></script>
    <script type="text/javascript" src="https://www.google.com/jsapi"></script>
    <script type='text/javascript'>
      google.load('visualization', '1', {packages:['table']});
      google.setOnLoadCallback(drawTable);
      var suiteTableInitFunctions = new Array();
      var suiteTableData = new Array();
    </script>
    <!--
      <script type="text/javascript" src="jquery-ui/js/jquery-ui-1.8.16.custom.min.js"></script>
     -->
  </head>

  <body>
    <div class="top-banner-root">
      <span class="top-banner-title-font">Test results</span>
      <br/>
      <span class="top-banner-font-1">1 suite, 3 failed tests</span>
    </div> <!-- top-banner-root -->
    <div class="navigator-root">
      <div class="navigator-suite-header">
        <span>All suites</span>
        <a href="#" class="collapse-all-link" title="Collapse/expand all the suites">
          <img class="collapse-all-icon" src="collapseall.gif">
          </img> <!-- collapse-all-icon -->
        </a> <!-- collapse-all-link -->
      </div> <!-- navigator-suite-header -->
      <div class="suite">
        <div class="rounded-window">
          <div class="suite-header light-rounded-window-top">
            <a href="#" class="navigator-link" panel-name="suite-FrontEnd_test_suite">
              <span class="suite-name border-failed">FrontEnd test suite</span>
            </a> <!-- navigator-link -->
          </div> <!-- suite-header light-rounded-window-top -->
          <div class="navigator-suite-content">
            <div class="suite-section-title">
              <span>Info</span>
            </div> <!-- suite-section-title -->
            <div class="suite-section-content">
              <ul>
                <li>
                  <a href="#" class="navigator-link " panel-name="test-xml-FrontEnd_test_suite">
                    <span>C:\mafPortalAutomation\src\test\resources\testng.xml</span>
                  </a> <!-- navigator-link  -->
                </li>
                <li>
                  <a href="#" class="navigator-link " panel-name="testlist-FrontEnd_test_suite">
                    <span class="test-stats">15 tests</span>
                  </a> <!-- navigator-link  -->
                </li>
                <li>
                  <a href="#" class="navigator-link " panel-name="group-FrontEnd_test_suite">
                    <span>0 groups</span>
                  </a> <!-- navigator-link  -->
                </li>
                <li>
                  <a href="#" class="navigator-link " panel-name="times-FrontEnd_test_suite">
                    <span>Times</span>
                  </a> <!-- navigator-link  -->
                </li>
                <li>
                  <a href="#" class="navigator-link " panel-name="reporter-FrontEnd_test_suite">
                    <span>Reporter output</span>
                  </a> <!-- navigator-link  -->
                </li>
                <li>
                  <a href="#" class="navigator-link " panel-name="ignored-methods-FrontEnd_test_suite">
                    <span>Ignored methods</span>
                  </a> <!-- navigator-link  -->
                </li>
                <li>
                  <a href="#" class="navigator-link " panel-name="chronological-FrontEnd_test_suite">
                    <span>Chronological view</span>
                  </a> <!-- navigator-link  -->
                </li>
              </ul>
            </div> <!-- suite-section-content -->
            <div class="result-section">
              <div class="suite-section-title">
                <span>Results</span>
              </div> <!-- suite-section-title -->
              <div class="suite-section-content">
                <ul>
                  <li>
                    <span class="method-stats">19 methods, 3 failed,   16 passed</span>
                  </li>
                  <li>
                    <span class="method-list-title failed">Failed methods</span>
                    <span class="show-or-hide-methods failed">
                      <a href="#" panel-name="suite-FrontEnd_test_suite" class="hide-methods failed suite-FrontEnd_test_suite"> (hide)</a> <!-- hide-methods failed suite-FrontEnd_test_suite -->
                      <a href="#" panel-name="suite-FrontEnd_test_suite" class="show-methods failed suite-FrontEnd_test_suite"> (show)</a> <!-- show-methods failed suite-FrontEnd_test_suite -->
                    </span>
                    <div class="method-list-content failed suite-FrontEnd_test_suite">
                      <span>
                        <img width="3%" src="failed.png"/>
                        <a href="#" class="method navigator-link" panel-name="suite-FrontEnd_test_suite" title="ru.st.selenium.testSuites.backEndTestSuite.AddNewVideoGallery" hash-for-method="addNewVideoGallery">addNewVideoGallery</a> <!-- method navigator-link -->
                      </span>
                      <br/>
                      <span>
                        <img width="3%" src="failed.png"/>
                        <a href="#" class="method navigator-link" panel-name="suite-FrontEnd_test_suite" title="ru.st.selenium.testSuites.frontEndTestSuite.ForgotPasswordTest" hash-for-method="forgotPasswordOfExistingUser">forgotPasswordOfExistingUser</a> <!-- method navigator-link -->
                      </span>
                      <br/>
                      <span>
                        <img width="3%" src="failed.png"/>
                        <a href="#" class="method navigator-link" panel-name="suite-FrontEnd_test_suite" title="ru.st.selenium.testSuites.frontEndTestSuite.ForgotPasswordTest" hash-for-method="forgotPasswordOfNotExistingUser">forgotPasswordOfNotExistingUser</a> <!-- method navigator-link -->
                      </span>
                      <br/>
                    </div> <!-- method-list-content failed suite-FrontEnd_test_suite -->
                  </li>
                  <li>
                    <span class="method-list-title passed">Passed methods</span>
                    <span class="show-or-hide-methods passed">
                      <a href="#" panel-name="suite-FrontEnd_test_suite" class="hide-methods passed suite-FrontEnd_test_suite"> (hide)</a> <!-- hide-methods passed suite-FrontEnd_test_suite -->
                      <a href="#" panel-name="suite-FrontEnd_test_suite" class="show-methods passed suite-FrontEnd_test_suite"> (show)</a> <!-- show-methods passed suite-FrontEnd_test_suite -->
                    </span>
                    <div class="method-list-content passed suite-FrontEnd_test_suite">
                      <span>
                        <img width="3%" src="passed.png"/>
                        <a href="#" class="method navigator-link" panel-name="suite-FrontEnd_test_suite" title="ru.st.selenium.testSuites.frontEndTestSuite.AccountEntryTest" hash-for-method="accountEntryWithExistingUser">accountEntryWithExistingUser</a> <!-- method navigator-link -->
                      </span>
                      <br/>
                      <span>
                        <img width="3%" src="passed.png"/>
                        <a href="#" class="method navigator-link" panel-name="suite-FrontEnd_test_suite" title="ru.st.selenium.testSuites.frontEndTestSuite.AccountEntryTest" hash-for-method="accountEntryWithNotExistingUser">accountEntryWithNotExistingUser</a> <!-- method navigator-link -->
                      </span>
                      <br/>
                      <span>
                        <img width="3%" src="passed.png"/>
                        <a href="#" class="method navigator-link" panel-name="suite-FrontEnd_test_suite" title="ru.st.selenium.testSuites.backEndTestSuite.AddNewMenuItems" hash-for-method="addNewMenuItem">addNewMenuItem</a> <!-- method navigator-link -->
                      </span>
                      <br/>
                      <span>
                        <img width="3%" src="passed.png"/>
                        <a href="#" class="method navigator-link" panel-name="suite-FrontEnd_test_suite" title="ru.st.selenium.testSuites.backEndTestSuite.AddNewNews" hash-for-method="addNewNewsItem">addNewNewsItem</a> <!-- method navigator-link -->
                      </span>
                      <br/>
                      <span>
                        <img width="3%" src="passed.png"/>
                        <a href="#" class="method navigator-link" panel-name="suite-FrontEnd_test_suite" title="ru.st.selenium.testSuites.backEndTestSuite.AddNewTournamentItem" hash-for-method="addNewNewsItem">addNewNewsItem</a> <!-- method navigator-link -->
                      </span>
                      <br/>
                      <span>
                        <img width="3%" src="passed.png"/>
                        <a href="#" class="method navigator-link" panel-name="suite-FrontEnd_test_suite" title="ru.st.selenium.testSuites.backEndTestSuite.AddNewProductItem" hash-for-method="addNewNewsItem">addNewNewsItem</a> <!-- method navigator-link -->
                      </span>
                      <br/>
                      <span>
                        <img width="3%" src="passed.png"/>
                        <a href="#" class="method navigator-link" panel-name="suite-FrontEnd_test_suite" title="ru.st.selenium.testSuites.backEndTestSuite.AddPageItemTest" hash-for-method="addNewPageItem">addNewPageItem</a> <!-- method navigator-link -->
                      </span>
                      <br/>
                      <span>
                        <img width="3%" src="passed.png"/>
                        <a href="#" class="method navigator-link" panel-name="suite-FrontEnd_test_suite" title="ru.st.selenium.testSuites.backEndTestSuite.AddNewPhotoGallery" hash-for-method="addNewPhotoGallery">addNewPhotoGallery</a> <!-- method navigator-link -->
                      </span>
                      <br/>
                      <span>
                        <img width="3%" src="passed.png"/>
                        <a href="#" class="method navigator-link" panel-name="suite-FrontEnd_test_suite" title="ru.st.selenium.testSuites.backEndTestSuite.AdminAccountEntry" hash-for-method="adminAccountEntryWithBlankUser">adminAccountEntryWithBlankUser</a> <!-- method navigator-link -->
                      </span>
                      <br/>
                      <span>
                        <img width="3%" src="passed.png"/>
                        <a href="#" class="method navigator-link" panel-name="suite-FrontEnd_test_suite" title="ru.st.selenium.testSuites.backEndTestSuite.AdminAccountEntry" hash-for-method="adminAccountEntryWithExistingUser">adminAccountEntryWithExistingUser</a> <!-- method navigator-link -->
                      </span>
                      <br/>
                      <span>
                        <img width="3%" src="passed.png"/>
                        <a href="#" class="method navigator-link" panel-name="suite-FrontEnd_test_suite" title="ru.st.selenium.testSuites.backEndTestSuite.UploadingPhoto" hash-for-method="adminAccountEntryWithExistingUser">adminAccountEntryWithExistingUser</a> <!-- method navigator-link -->
                      </span>
                      <br/>
                      <span>
                        <img width="3%" src="passed.png"/>
                        <a href="#" class="method navigator-link" panel-name="suite-FrontEnd_test_suite" title="ru.st.selenium.testSuites.backEndTestSuite.AdminAccountEntry" hash-for-method="adminAccountEntryWithNotExistingUser">adminAccountEntryWithNotExistingUser</a> <!-- method navigator-link -->
                      </span>
                      <br/>
                      <span>
                        <img width="3%" src="passed.png"/>
                        <a href="#" class="method navigator-link" panel-name="suite-FrontEnd_test_suite" title="ru.st.selenium.testSuites.frontEndTestSuite.AllPagesAreLoadingTest" hash-for-method="allPagesAreLoadingTest">allPagesAreLoadingTest</a> <!-- method navigator-link -->
                      </span>
                      <br/>
                      <span>
                        <img width="3%" src="passed.png"/>
                        <a href="#" class="method navigator-link" panel-name="suite-FrontEnd_test_suite" title="ru.st.selenium.testSuites.frontEndTestSuite.BuyItemTest" hash-for-method="buyItemTest">buyItemTest</a> <!-- method navigator-link -->
                      </span>
                      <br/>
                      <span>
                        <img width="3%" src="passed.png"/>
                        <a href="#" class="method navigator-link" panel-name="suite-FrontEnd_test_suite" title="ru.st.selenium.testSuites.frontEndTestSuite.DeleteUserFromDataBase" hash-for-method="deleteUserFromDataBase">deleteUserFromDataBase</a> <!-- method navigator-link -->
                      </span>
                      <br/>
                      <span>
                        <img width="3%" src="passed.png"/>
                        <a href="#" class="method navigator-link" panel-name="suite-FrontEnd_test_suite" title="ru.st.selenium.testSuites.frontEndTestSuite.NewUserRegistration" hash-for-method="registrationOfNewUserTest">registrationOfNewUserTest</a> <!-- method navigator-link -->
                      </span>
                      <br/>
                    </div> <!-- method-list-content passed suite-FrontEnd_test_suite -->
                  </li>
                </ul>
              </div> <!-- suite-section-content -->
            </div> <!-- result-section -->
          </div> <!-- navigator-suite-content -->
        </div> <!-- rounded-window -->
      </div> <!-- suite -->
    </div> <!-- navigator-root -->
    <div class="wrapper">
      <div class="main-panel-root">
        <div panel-name="suite-FrontEnd_test_suite" class="panel FrontEnd_test_suite">
          <div class="suite-FrontEnd_test_suite-class-failed">
            <div class="main-panel-header rounded-window-top">
              <img src="failed.png"/>
              <span class="class-name">ru.st.selenium.testSuites.backEndTestSuite.AddNewVideoGallery</span>
            </div> <!-- main-panel-header rounded-window-top -->
            <div class="main-panel-content rounded-window-bottom">
              <div class="method">
                <div class="method-content">
                  <a name="addNewVideoGallery">
                  </a> <!-- addNewVideoGallery -->
                  <span class="method-name">addNewVideoGallery</span>
                  <div class="stack-trace"><b>"org.openqa.selenium.NoSuchElementException: no such element: Unable to locate element: {&quot;method&quot;:&quot;xpath&quot;,&quot;selector&quot;:&quot;//span[@class = &apos;logo-lg&apos;]&quot;}
  (Session info: chrome=63.0.3239.132)
  (Driver info: chromedriver=2.33.506120 (e3e53437346286c0bc2d2dc9aa4915ba81d9023f),platform=Windows NT 6.3.9600 x86_64) (WARNING: The server did not provide any stacktrace information)
Command duration or timeout: 27 milliseconds
For documentation on this error, please visit: http://seleniumhq.org/exceptions/no_such_element.html
Build info: version: &apos;2.31.0&apos;, revision: &apos;1bd294d185a80fa4206dfeab80ba773c04ac33c0&apos;, time: &apos;2013-02-27 13:51:26&apos;
System info: os.name: &apos;Windows 8.1&apos;, os.arch: &apos;amd64&apos;, os.version: &apos;6.3&apos;, java.version: &apos;1.8.0_151&apos;
Driver info: org.openqa.selenium.chrome.ChromeDriver
Capabilities [{applicationCacheEnabled=false, rotatable=false, mobileEmulationEnabled=false, networkConnectionEnabled=false, chrome={chromedriverVersion=2.33.506120 (e3e53437346286c0bc2d2dc9aa4915ba81d9023f), userDataDir=C:\Users\Anton89\AppData\Local\Temp\scoped_dir10828_6881}, takesHeapSnapshot=true, pageLoadStrategy=normal, databaseEnabled=false, handlesAlerts=true, hasTouchScreen=false, version=63.0.3239.132, platform=XP, browserConnectionEnabled=false, nativeEvents=true, acceptSslCerts=true, locationContextEnabled=true, webStorageEnabled=true, browserName=chrome, takesScreenshot=true, javascriptEnabled=true, cssSelectorsEnabled=true, setWindowRect=true, unexpectedAlertBehaviour=}]
Session ID: 9ccd23cccb522a7c3656d6851e9b7610
	at org.openqa.selenium.remote.ErrorHandler.createThrowable(ErrorHandler.java:187)
	at org.openqa.selenium.remote.ErrorHandler.throwIfResponseFailed(ErrorHandler.java:145)
	at org.openqa.selenium.remote.RemoteWebDriver.execute(RemoteWebDriver.java:554)
	at org.openqa.selenium.remote.RemoteWebDriver.findElement(RemoteWebDriver.java:307)
	at org.openqa.selenium.remote.RemoteWebDriver.findElementByXPath(RemoteWebDriver.java:404)
	at org.openqa.selenium.By$ByXPath.findElement(By.java:344)
	at org.openqa.selenium.remote.RemoteWebDriver.findElement(RemoteWebDriver.java:299)
	at ru.st.selenium.pages.AdminInternalPage.clickLogo(AdminInternalPage.java:71)
	at ru.st.selenium.testSuites.backEndTestSuite.AddNewVideoGallery.addNewVideoGallery(AddNewVideoGallery.java:28)
	at org.apache.maven.surefire.testng.TestNGExecutor.run(TestNGExecutor.java:178)
	at org.apache.maven.surefire.testng.TestNGXmlTestSuite.execute(TestNGXmlTestSuite.java:92)
	at org.apache.maven.surefire.testng.TestNGProvider.invoke(TestNGProvider.java:96)
	at org.apache.maven.surefire.util.ReflectionUtils.invokeMethodWithArray(ReflectionUtils.java:189)
	at org.apache.maven.surefire.booter.ProviderFactory$ProviderProxy.invoke(ProviderFactory.java:165)
	at org.apache.maven.surefire.booter.ProviderFactory.invokeProvider(ProviderFactory.java:85)
	at org.apache.maven.surefire.booter.ForkedBooter.runSuitesInProcess(ForkedBooter.java:115)
	at org.apache.maven.surefire.booter.ForkedBooter.main(ForkedBooter.java:75)
... Removed 28 stack frames<br/> org.openqa.selenium.NoSuchElementException: no such element: Unable to locate element: {&quot;method&quot;:&quot;xpath&quot;,&quot;selector&quot;:&quot;//span[@class = &apos;logo-lg&apos;]&quot;}
  (Session info: chrome=63.0.3239.132)
  (Driver info: chromedriver=2.33.506120 (e3e53437346286c0bc2d2dc9aa4915ba81d9023f),platform=Windows NT 6.3.9600 x86_64) (WARNING: The server did not provide any stacktrace information)
Command duration or timeout: 27 milliseconds
For documentation on this error, please visit: http://seleniumhq.org/exceptions/no_such_element.html
Build info: version: &apos;2.31.0&apos;, revision: &apos;1bd294d185a80fa4206dfeab80ba773c04ac33c0&apos;, time: &apos;2013-02-27 13:51:26&apos;
System info: os.name: &apos;Windows 8.1&apos;, os.arch: &apos;amd64&apos;, os.version: &apos;6.3&apos;, java.version: &apos;1.8.0_151&apos;
Driver info: org.openqa.selenium.chrome.ChromeDriver
Capabilities [{applicationCacheEnabled=false, rotatable=false, mobileEmulationEnabled=false, networkConnectionEnabled=false, chrome={chromedriverVersion=2.33.506120 (e3e53437346286c0bc2d2dc9aa4915ba81d9023f), userDataDir=C:\Users\Anton89\AppData\Local\Temp\scoped_dir10828_6881}, takesHeapSnapshot=true, pageLoadStrategy=normal, databaseEnabled=false, handlesAlerts=true, hasTouchScreen=false, version=63.0.3239.132, platform=XP, browserConnectionEnabled=false, nativeEvents=true, acceptSslCerts=true, locationContextEnabled=true, webStorageEnabled=true, browserName=chrome, takesScreenshot=true, javascriptEnabled=true, cssSelectorsEnabled=true, setWindowRect=true, unexpectedAlertBehaviour=}]
Session ID: 9ccd23cccb522a7c3656d6851e9b7610
	at sun.reflect.GeneratedConstructorAccessor19.newInstance(Unknown Source)
	at sun.reflect.DelegatingConstructorAccessorImpl.newInstance(DelegatingConstructorAccessorImpl.java:45)
	at java.lang.reflect.Constructor.newInstance(Constructor.java:423)
	at org.openqa.selenium.remote.ErrorHandler.createThrowable(ErrorHandler.java:187)
	at org.openqa.selenium.remote.ErrorHandler.throwIfResponseFailed(ErrorHandler.java:145)
	at org.openqa.selenium.remote.RemoteWebDriver.execute(RemoteWebDriver.java:554)
	at org.openqa.selenium.remote.RemoteWebDriver.findElement(RemoteWebDriver.java:307)
	at org.openqa.selenium.remote.RemoteWebDriver.findElementByXPath(RemoteWebDriver.java:404)
	at org.openqa.selenium.By$ByXPath.findElement(By.java:344)
	at org.openqa.selenium.remote.RemoteWebDriver.findElement(RemoteWebDriver.java:299)
	at ru.st.selenium.pages.AdminInternalPage.clickLogo(AdminInternalPage.java:71)
	at ru.st.selenium.testSuites.backEndTestSuite.AddNewVideoGallery.addNewVideoGallery(AddNewVideoGallery.java:28)
	at sun.reflect.NativeMethodAccessorImpl.invoke0(Native Method)
	at sun.reflect.NativeMethodAccessorImpl.invoke(NativeMethodAccessorImpl.java:62)
	at sun.reflect.DelegatingMethodAccessorImpl.invoke(DelegatingMethodAccessorImpl.java:43)
	at java.lang.reflect.Method.invoke(Method.java:498)
	at org.testng.internal.MethodInvocationHelper.invokeMethod(MethodInvocationHelper.java:80)
	at org.testng.internal.Invoker.invokeMethod(Invoker.java:714)
	at org.testng.internal.Invoker.invokeTestMethod(Invoker.java:901)
	at org.testng.internal.Invoker.invokeTestMethods(Invoker.java:1231)
	at org.testng.internal.TestMethodWorker.invokeTestMethods(TestMethodWorker.java:127)
	at org.testng.internal.TestMethodWorker.run(TestMethodWorker.java:111)
	at org.testng.TestRunner.privateRun(TestRunner.java:767)
	at org.testng.TestRunner.run(TestRunner.java:617)
	at org.testng.SuiteRunner.runTest(SuiteRunner.java:334)
	at org.testng.SuiteRunner.runSequentially(SuiteRunner.java:329)
	at org.testng.SuiteRunner.privateRun(SuiteRunner.java:291)
	at org.testng.SuiteRunner.run(SuiteRunner.java:240)
	at org.testng.SuiteRunnerWorker.runSuite(SuiteRunnerWorker.java:52)
	at org.testng.SuiteRunnerWorker.run(SuiteRunnerWorker.java:86)
	at org.testng.TestNG.runSuitesSequentially(TestNG.java:1198)
	at org.testng.TestNG.runSuitesLocally(TestNG.java:1123)
	at org.testng.TestNG.run(TestNG.java:1031)
	at org.apache.maven.surefire.testng.TestNGExecutor.run(TestNGExecutor.java:178)
	at org.apache.maven.surefire.testng.TestNGXmlTestSuite.execute(TestNGXmlTestSuite.java:92)
	at org.apache.maven.surefire.testng.TestNGProvider.invoke(TestNGProvider.java:96)
	at sun.reflect.NativeMethodAccessorImpl.invoke0(Native Method)
	at sun.reflect.NativeMethodAccessorImpl.invoke(NativeMethodAccessorImpl.java:62)
	at sun.reflect.DelegatingMethodAccessorImpl.invoke(DelegatingMethodAccessorImpl.java:43)
	at java.lang.reflect.Method.invoke(Method.java:498)
	at org.apache.maven.surefire.util.ReflectionUtils.invokeMethodWithArray(ReflectionUtils.java:189)
	at org.apache.maven.surefire.booter.ProviderFactory$ProviderProxy.invoke(ProviderFactory.java:165)
	at org.apache.maven.surefire.booter.ProviderFactory.invokeProvider(ProviderFactory.java:85)
	at org.apache.maven.surefire.booter.ForkedBooter.runSuitesInProcess(ForkedBooter.java:115)
	at org.apache.maven.surefire.booter.ForkedBooter.main(ForkedBooter.java:75)
"</b><br>sun.reflect.GeneratedConstructorAccessor19.newInstance(Unknown Source)<br>sun.reflect.DelegatingConstructorAccessorImpl.newInstance(DelegatingConstructorAccessorImpl.java:45)<br>java.lang.reflect.Constructor.newInstance(Constructor.java:423)<br>org.openqa.selenium.remote.ErrorHandler.createThrowable(ErrorHandler.java:187)<br>org.openqa.selenium.remote.ErrorHandler.throwIfResponseFailed(ErrorHandler.java:145)<br>org.openqa.selenium.remote.RemoteWebDriver.execute(RemoteWebDriver.java:554)<br>org.openqa.selenium.remote.RemoteWebDriver.findElement(RemoteWebDriver.java:307)<br>org.openqa.selenium.remote.RemoteWebDriver.findElementByXPath(RemoteWebDriver.java:404)<br>org.openqa.selenium.By$ByXPath.findElement(By.java:344)<br>org.openqa.selenium.remote.RemoteWebDriver.findElement(RemoteWebDriver.java:299)<br>ru.st.selenium.pages.AdminInternalPage.clickLogo(AdminInternalPage.java:71)<br>ru.st.selenium.testSuites.backEndTestSuite.AddNewVideoGallery.addNewVideoGallery(AddNewVideoGallery.java:28)<br>sun.reflect.NativeMethodAccessorImpl.invoke0(Native Method)<br>sun.reflect.NativeMethodAccessorImpl.invoke(NativeMethodAccessorImpl.java:62)<br>sun.reflect.DelegatingMethodAccessorImpl.invoke(DelegatingMethodAccessorImpl.java:43)<br>java.lang.reflect.Method.invoke(Method.java:498)<br>org.testng.internal.MethodInvocationHelper.invokeMethod(MethodInvocationHelper.java:80)<br>org.testng.internal.Invoker.invokeMethod(Invoker.java:714)<br>org.testng.internal.Invoker.invokeTestMethod(Invoker.java:901)<br>org.testng.internal.Invoker.invokeTestMethods(Invoker.java:1231)<br>org.testng.internal.TestMethodWorker.invokeTestMethods(TestMethodWorker.java:127)<br>org.testng.internal.TestMethodWorker.run(TestMethodWorker.java:111)<br>org.testng.TestRunner.privateRun(TestRunner.java:767)<br>org.testng.TestRunner.run(TestRunner.java:617)<br>org.testng.SuiteRunner.runTest(SuiteRunner.java:334)<br>org.testng.SuiteRunner.runSequentially(SuiteRunner.java:329)<br>org.testng.SuiteRunner.privateRun(SuiteRunner.java:291)<br>org.testng.SuiteRunner.run(SuiteRunner.java:240)<br>org.testng.SuiteRunnerWorker.runSuite(SuiteRunnerWorker.java:52)<br>org.testng.SuiteRunnerWorker.run(SuiteRunnerWorker.java:86)<br>org.testng.TestNG.runSuitesSequentially(TestNG.java:1198)<br>org.testng.TestNG.runSuitesLocally(TestNG.java:1123)<br>org.testng.TestNG.run(TestNG.java:1031)<br>org.apache.maven.surefire.testng.TestNGExecutor.run(TestNGExecutor.java:178)<br>org.apache.maven.surefire.testng.TestNGXmlTestSuite.execute(TestNGXmlTestSuite.java:92)<br>org.apache.maven.surefire.testng.TestNGProvider.invoke(TestNGProvider.java:96)<br>sun.reflect.NativeMethodAccessorImpl.invoke0(Native Method)<br>sun.reflect.NativeMethodAccessorImpl.invoke(NativeMethodAccessorImpl.java:62)<br>sun.reflect.DelegatingMethodAccessorImpl.invoke(DelegatingMethodAccessorImpl.java:43)<br>java.lang.reflect.Method.invoke(Method.java:498)<br>org.apache.maven.surefire.util.ReflectionUtils.invokeMethodWithArray(ReflectionUtils.java:189)<br>org.apache.maven.surefire.booter.ProviderFactory$ProviderProxy.invoke(ProviderFactory.java:165)<br>org.apache.maven.surefire.booter.ProviderFactory.invokeProvider(ProviderFactory.java:85)<br>org.apache.maven.surefire.booter.ForkedBooter.runSuitesInProcess(ForkedBooter.java:115)<br>org.apache.maven.surefire.booter.ForkedBooter.main(ForkedBooter.java:75)<br>
</div> <!-- stack-trace -->
                </div> <!-- method-content -->
              </div> <!-- method -->
            </div> <!-- main-panel-content rounded-window-bottom -->
          </div> <!-- suite-FrontEnd_test_suite-class-failed -->
          <div class="suite-FrontEnd_test_suite-class-failed">
            <div class="main-panel-header rounded-window-top">
              <img src="failed.png"/>
              <span class="class-name">ru.st.selenium.testSuites.frontEndTestSuite.ForgotPasswordTest</span>
            </div> <!-- main-panel-header rounded-window-top -->
            <div class="main-panel-content rounded-window-bottom">
              <div class="method">
                <div class="method-content">
                  <a name="forgotPasswordOfExistingUser">
                  </a> <!-- forgotPasswordOfExistingUser -->
                  <span class="method-name">forgotPasswordOfExistingUser</span>
                  <div class="stack-trace"><b>"org.openqa.selenium.NoSuchElementException: Timed out after 10 seconds. Unable to locate the element
For documentation on this error, please visit: http://seleniumhq.org/exceptions/no_such_element.html
Build info: version: &apos;2.31.0&apos;, revision: &apos;1bd294d185a80fa4206dfeab80ba773c04ac33c0&apos;, time: &apos;2013-02-27 13:51:26&apos;
System info: os.name: &apos;Windows 8.1&apos;, os.arch: &apos;amd64&apos;, os.version: &apos;6.3&apos;, java.version: &apos;1.8.0_151&apos;
Driver info: driver.version: unknown
	at org.openqa.selenium.support.pagefactory.AjaxElementLocator.findElement(AjaxElementLocator.java:70)
	at org.openqa.selenium.support.pagefactory.internal.LocatingElementHandler.invoke(LocatingElementHandler.java:34)
	at com.sun.proxy.$Proxy6.toString(Unknown Source)
	at java.lang.String.valueOf(String.java:2994)
	at java.lang.StringBuilder.append(StringBuilder.java:131)
	at org.openqa.selenium.support.ui.ExpectedConditions$5.toString(ExpectedConditions.java:161)
	at org.openqa.selenium.support.ui.FluentWait.until(FluentWait.java:223)
	at ru.st.selenium.pages.InternalPage.clickLogoutButton(InternalPage.java:159)
	at ru.st.selenium.applogic2.UserHelper2.logout(UserHelper2.java:34)
	at ru.st.selenium.testSuites.frontEndTestSuite.ForgotPasswordTest.forgotPasswordOfExistingUser(ForgotPasswordTest.java:26)
	at org.apache.maven.surefire.testng.TestNGExecutor.run(TestNGExecutor.java:178)
	at org.apache.maven.surefire.testng.TestNGXmlTestSuite.execute(TestNGXmlTestSuite.java:92)
	at org.apache.maven.surefire.testng.TestNGProvider.invoke(TestNGProvider.java:96)
	at org.apache.maven.surefire.util.ReflectionUtils.invokeMethodWithArray(ReflectionUtils.java:189)
	at org.apache.maven.surefire.booter.ProviderFactory$ProviderProxy.invoke(ProviderFactory.java:165)
	at org.apache.maven.surefire.booter.ProviderFactory.invokeProvider(ProviderFactory.java:85)
	at org.apache.maven.surefire.booter.ForkedBooter.runSuitesInProcess(ForkedBooter.java:115)
	at org.apache.maven.surefire.booter.ForkedBooter.main(ForkedBooter.java:75)
Caused by: org.openqa.selenium.NoSuchElementException: Element is not usable
For documentation on this error, please visit: http://seleniumhq.org/exceptions/no_such_element.html
Build info: version: &apos;2.31.0&apos;, revision: &apos;1bd294d185a80fa4206dfeab80ba773c04ac33c0&apos;, time: &apos;2013-02-27 13:51:26&apos;
System info: os.name: &apos;Windows 8.1&apos;, os.arch: &apos;amd64&apos;, os.version: &apos;6.3&apos;, java.version: &apos;1.8.0_151&apos;
Driver info: driver.version: unknown
	at org.openqa.selenium.support.pagefactory.AjaxElementLocator$SlowLoadingElement.isLoaded(AjaxElementLocator.java:142)
	at org.openqa.selenium.support.ui.SlowLoadableComponent.get(SlowLoadableComponent.java:70)
	at org.openqa.selenium.support.pagefactory.AjaxElementLocator.findElement(AjaxElementLocator.java:68)
	... 42 more
... Removed 25 stack frames<br/> org.openqa.selenium.NoSuchElementException: Timed out after 10 seconds. Unable to locate the element
For documentation on this error, please visit: http://seleniumhq.org/exceptions/no_such_element.html
Build info: version: &apos;2.31.0&apos;, revision: &apos;1bd294d185a80fa4206dfeab80ba773c04ac33c0&apos;, time: &apos;2013-02-27 13:51:26&apos;
System info: os.name: &apos;Windows 8.1&apos;, os.arch: &apos;amd64&apos;, os.version: &apos;6.3&apos;, java.version: &apos;1.8.0_151&apos;
Driver info: driver.version: unknown
	at org.openqa.selenium.support.pagefactory.AjaxElementLocator.findElement(AjaxElementLocator.java:70)
	at org.openqa.selenium.support.pagefactory.internal.LocatingElementHandler.invoke(LocatingElementHandler.java:34)
	at com.sun.proxy.$Proxy6.toString(Unknown Source)
	at java.lang.String.valueOf(String.java:2994)
	at java.lang.StringBuilder.append(StringBuilder.java:131)
	at org.openqa.selenium.support.ui.ExpectedConditions$5.toString(ExpectedConditions.java:161)
	at org.openqa.selenium.support.ui.FluentWait.until(FluentWait.java:223)
	at ru.st.selenium.pages.InternalPage.clickLogoutButton(InternalPage.java:159)
	at ru.st.selenium.applogic2.UserHelper2.logout(UserHelper2.java:34)
	at ru.st.selenium.testSuites.frontEndTestSuite.ForgotPasswordTest.forgotPasswordOfExistingUser(ForgotPasswordTest.java:26)
	at sun.reflect.NativeMethodAccessorImpl.invoke0(Native Method)
	at sun.reflect.NativeMethodAccessorImpl.invoke(NativeMethodAccessorImpl.java:62)
	at sun.reflect.DelegatingMethodAccessorImpl.invoke(DelegatingMethodAccessorImpl.java:43)
	at java.lang.reflect.Method.invoke(Method.java:498)
	at org.testng.internal.MethodInvocationHelper.invokeMethod(MethodInvocationHelper.java:80)
	at org.testng.internal.Invoker.invokeMethod(Invoker.java:714)
	at org.testng.internal.Invoker.invokeTestMethod(Invoker.java:901)
	at org.testng.internal.Invoker.invokeTestMethods(Invoker.java:1231)
	at org.testng.internal.TestMethodWorker.invokeTestMethods(TestMethodWorker.java:127)
	at org.testng.internal.TestMethodWorker.run(TestMethodWorker.java:111)
	at org.testng.TestRunner.privateRun(TestRunner.java:767)
	at org.testng.TestRunner.run(TestRunner.java:617)
	at org.testng.SuiteRunner.runTest(SuiteRunner.java:334)
	at org.testng.SuiteRunner.runSequentially(SuiteRunner.java:329)
	at org.testng.SuiteRunner.privateRun(SuiteRunner.java:291)
	at org.testng.SuiteRunner.run(SuiteRunner.java:240)
	at org.testng.SuiteRunnerWorker.runSuite(SuiteRunnerWorker.java:52)
	at org.testng.SuiteRunnerWorker.run(SuiteRunnerWorker.java:86)
	at org.testng.TestNG.runSuitesSequentially(TestNG.java:1198)
	at org.testng.TestNG.runSuitesLocally(TestNG.java:1123)
	at org.testng.TestNG.run(TestNG.java:1031)
	at org.apache.maven.surefire.testng.TestNGExecutor.run(TestNGExecutor.java:178)
	at org.apache.maven.surefire.testng.TestNGXmlTestSuite.execute(TestNGXmlTestSuite.java:92)
	at org.apache.maven.surefire.testng.TestNGProvider.invoke(TestNGProvider.java:96)
	at sun.reflect.NativeMethodAccessorImpl.invoke0(Native Method)
	at sun.reflect.NativeMethodAccessorImpl.invoke(NativeMethodAccessorImpl.java:62)
	at sun.reflect.DelegatingMethodAccessorImpl.invoke(DelegatingMethodAccessorImpl.java:43)
	at java.lang.reflect.Method.invoke(Method.java:498)
	at org.apache.maven.surefire.util.ReflectionUtils.invokeMethodWithArray(ReflectionUtils.java:189)
	at org.apache.maven.surefire.booter.ProviderFactory$ProviderProxy.invoke(ProviderFactory.java:165)
	at org.apache.maven.surefire.booter.ProviderFactory.invokeProvider(ProviderFactory.java:85)
	at org.apache.maven.surefire.booter.ForkedBooter.runSuitesInProcess(ForkedBooter.java:115)
	at org.apache.maven.surefire.booter.ForkedBooter.main(ForkedBooter.java:75)
Caused by: org.openqa.selenium.NoSuchElementException: Element is not usable
For documentation on this error, please visit: http://seleniumhq.org/exceptions/no_such_element.html
Build info: version: &apos;2.31.0&apos;, revision: &apos;1bd294d185a80fa4206dfeab80ba773c04ac33c0&apos;, time: &apos;2013-02-27 13:51:26&apos;
System info: os.name: &apos;Windows 8.1&apos;, os.arch: &apos;amd64&apos;, os.version: &apos;6.3&apos;, java.version: &apos;1.8.0_151&apos;
Driver info: driver.version: unknown
	at org.openqa.selenium.support.pagefactory.AjaxElementLocator$SlowLoadingElement.isLoaded(AjaxElementLocator.java:142)
	at org.openqa.selenium.support.ui.SlowLoadableComponent.get(SlowLoadableComponent.java:70)
	at org.openqa.selenium.support.pagefactory.AjaxElementLocator.findElement(AjaxElementLocator.java:68)
	... 42 more
"</b><br>org.openqa.selenium.support.pagefactory.AjaxElementLocator.findElement(AjaxElementLocator.java:70)<br>org.openqa.selenium.support.pagefactory.internal.LocatingElementHandler.invoke(LocatingElementHandler.java:34)<br>com.sun.proxy.$Proxy6.toString(Unknown Source)<br>java.lang.String.valueOf(String.java:2994)<br>java.lang.StringBuilder.append(StringBuilder.java:131)<br>org.openqa.selenium.support.ui.ExpectedConditions$5.toString(ExpectedConditions.java:161)<br>org.openqa.selenium.support.ui.FluentWait.until(FluentWait.java:223)<br>ru.st.selenium.pages.InternalPage.clickLogoutButton(InternalPage.java:159)<br>ru.st.selenium.applogic2.UserHelper2.logout(UserHelper2.java:34)<br>ru.st.selenium.testSuites.frontEndTestSuite.ForgotPasswordTest.forgotPasswordOfExistingUser(ForgotPasswordTest.java:26)<br>sun.reflect.NativeMethodAccessorImpl.invoke0(Native Method)<br>sun.reflect.NativeMethodAccessorImpl.invoke(NativeMethodAccessorImpl.java:62)<br>sun.reflect.DelegatingMethodAccessorImpl.invoke(DelegatingMethodAccessorImpl.java:43)<br>java.lang.reflect.Method.invoke(Method.java:498)<br>org.testng.internal.MethodInvocationHelper.invokeMethod(MethodInvocationHelper.java:80)<br>org.testng.internal.Invoker.invokeMethod(Invoker.java:714)<br>org.testng.internal.Invoker.invokeTestMethod(Invoker.java:901)<br>org.testng.internal.Invoker.invokeTestMethods(Invoker.java:1231)<br>org.testng.internal.TestMethodWorker.invokeTestMethods(TestMethodWorker.java:127)<br>org.testng.internal.TestMethodWorker.run(TestMethodWorker.java:111)<br>org.testng.TestRunner.privateRun(TestRunner.java:767)<br>org.testng.TestRunner.run(TestRunner.java:617)<br>org.testng.SuiteRunner.runTest(SuiteRunner.java:334)<br>org.testng.SuiteRunner.runSequentially(SuiteRunner.java:329)<br>org.testng.SuiteRunner.privateRun(SuiteRunner.java:291)<br>org.testng.SuiteRunner.run(SuiteRunner.java:240)<br>org.testng.SuiteRunnerWorker.runSuite(SuiteRunnerWorker.java:52)<br>org.testng.SuiteRunnerWorker.run(SuiteRunnerWorker.java:86)<br>org.testng.TestNG.runSuitesSequentially(TestNG.java:1198)<br>org.testng.TestNG.runSuitesLocally(TestNG.java:1123)<br>org.testng.TestNG.run(TestNG.java:1031)<br>org.apache.maven.surefire.testng.TestNGExecutor.run(TestNGExecutor.java:178)<br>org.apache.maven.surefire.testng.TestNGXmlTestSuite.execute(TestNGXmlTestSuite.java:92)<br>org.apache.maven.surefire.testng.TestNGProvider.invoke(TestNGProvider.java:96)<br>sun.reflect.NativeMethodAccessorImpl.invoke0(Native Method)<br>sun.reflect.NativeMethodAccessorImpl.invoke(NativeMethodAccessorImpl.java:62)<br>sun.reflect.DelegatingMethodAccessorImpl.invoke(DelegatingMethodAccessorImpl.java:43)<br>java.lang.reflect.Method.invoke(Method.java:498)<br>org.apache.maven.surefire.util.ReflectionUtils.invokeMethodWithArray(ReflectionUtils.java:189)<br>org.apache.maven.surefire.booter.ProviderFactory$ProviderProxy.invoke(ProviderFactory.java:165)<br>org.apache.maven.surefire.booter.ProviderFactory.invokeProvider(ProviderFactory.java:85)<br>org.apache.maven.surefire.booter.ForkedBooter.runSuitesInProcess(ForkedBooter.java:115)<br>org.apache.maven.surefire.booter.ForkedBooter.main(ForkedBooter.java:75)<br>
</div> <!-- stack-trace -->
                </div> <!-- method-content -->
              </div> <!-- method -->
              <div class="method">
                <div class="method-content">
                  <a name="forgotPasswordOfNotExistingUser">
                  </a> <!-- forgotPasswordOfNotExistingUser -->
                  <span class="method-name">forgotPasswordOfNotExistingUser</span>
                  <div class="stack-trace"><b>"org.openqa.selenium.NoSuchElementException: Timed out after 10 seconds. Unable to locate the element
For documentation on this error, please visit: http://seleniumhq.org/exceptions/no_such_element.html
Build info: version: &apos;2.31.0&apos;, revision: &apos;1bd294d185a80fa4206dfeab80ba773c04ac33c0&apos;, time: &apos;2013-02-27 13:51:26&apos;
System info: os.name: &apos;Windows 8.1&apos;, os.arch: &apos;amd64&apos;, os.version: &apos;6.3&apos;, java.version: &apos;1.8.0_151&apos;
Driver info: driver.version: unknown
	at org.openqa.selenium.support.pagefactory.AjaxElementLocator.findElement(AjaxElementLocator.java:70)
	at org.openqa.selenium.support.pagefactory.internal.LocatingElementHandler.invoke(LocatingElementHandler.java:34)
	at com.sun.proxy.$Proxy6.click(Unknown Source)
	at ru.st.selenium.pages.LoginPage.clickForgotPasswordButton(LoginPage.java:88)
	at ru.st.selenium.applogic2.UserHelper2.restorePasswordOfNotExistingUser(UserHelper2.java:88)
	at ru.st.selenium.testSuites.frontEndTestSuite.ForgotPasswordTest.forgotPasswordOfNotExistingUser(ForgotPasswordTest.java:40)
	at org.apache.maven.surefire.testng.TestNGExecutor.run(TestNGExecutor.java:178)
	at org.apache.maven.surefire.testng.TestNGXmlTestSuite.execute(TestNGXmlTestSuite.java:92)
	at org.apache.maven.surefire.testng.TestNGProvider.invoke(TestNGProvider.java:96)
	at org.apache.maven.surefire.util.ReflectionUtils.invokeMethodWithArray(ReflectionUtils.java:189)
	at org.apache.maven.surefire.booter.ProviderFactory$ProviderProxy.invoke(ProviderFactory.java:165)
	at org.apache.maven.surefire.booter.ProviderFactory.invokeProvider(ProviderFactory.java:85)
	at org.apache.maven.surefire.booter.ForkedBooter.runSuitesInProcess(ForkedBooter.java:115)
	at org.apache.maven.surefire.booter.ForkedBooter.main(ForkedBooter.java:75)
Caused by: org.openqa.selenium.NoSuchElementException: no such element: Unable to locate element: {&quot;method&quot;:&quot;xpath&quot;,&quot;selector&quot;:&quot;//div[@class = &apos;login&apos;]//div[@class = &apos;forgot&apos;]/a&quot;}
  (Session info: chrome=63.0.3239.132)
  (Driver info: chromedriver=2.33.506120 (e3e53437346286c0bc2d2dc9aa4915ba81d9023f),platform=Windows NT 6.3.9600 x86_64) (WARNING: The server did not provide any stacktrace information)
Command duration or timeout: 26 milliseconds
For documentation on this error, please visit: http://seleniumhq.org/exceptions/no_such_element.html
Build info: version: &apos;2.31.0&apos;, revision: &apos;1bd294d185a80fa4206dfeab80ba773c04ac33c0&apos;, time: &apos;2013-02-27 13:51:26&apos;
System info: os.name: &apos;Windows 8.1&apos;, os.arch: &apos;amd64&apos;, os.version: &apos;6.3&apos;, java.version: &apos;1.8.0_151&apos;
Driver info: org.openqa.selenium.chrome.ChromeDriver
Capabilities [{applicationCacheEnabled=false, rotatable=false, mobileEmulationEnabled=false, networkConnectionEnabled=false, chrome={chromedriverVersion=2.33.506120 (e3e53437346286c0bc2d2dc9aa4915ba81d9023f), userDataDir=C:\Users\Anton89\AppData\Local\Temp\scoped_dir7488_1791}, takesHeapSnapshot=true, pageLoadStrategy=normal, databaseEnabled=false, handlesAlerts=true, hasTouchScreen=false, version=63.0.3239.132, platform=XP, browserConnectionEnabled=false, nativeEvents=true, acceptSslCerts=true, locationContextEnabled=true, webStorageEnabled=true, browserName=chrome, takesScreenshot=true, javascriptEnabled=true, cssSelectorsEnabled=true, setWindowRect=true, unexpectedAlertBehaviour=}]
Session ID: 9437e3a7e7b253c085aec3a960831067
	at org.openqa.selenium.remote.ErrorHandler.createThrowable(ErrorHandler.java:187)
	at org.openqa.selenium.remote.ErrorHandler.throwIfResponseFailed(ErrorHandler.java:145)
	at org.openqa.selenium.remote.RemoteWebDriver.execute(RemoteWebDriver.java:554)
	at org.openqa.selenium.remote.RemoteWebDriver.findElement(RemoteWebDriver.java:307)
	at org.openqa.selenium.remote.RemoteWebDriver.findElementByXPath(RemoteWebDriver.java:404)
	at org.openqa.selenium.By$ByXPath.findElement(By.java:344)
	at org.openqa.selenium.remote.RemoteWebDriver.findElement(RemoteWebDriver.java:299)
	at org.openqa.selenium.support.pagefactory.DefaultElementLocator.findElement(DefaultElementLocator.java:59)
	at org.openqa.selenium.support.pagefactory.AjaxElementLocator.access$001(AjaxElementLocator.java:38)
	at org.openqa.selenium.support.pagefactory.AjaxElementLocator$SlowLoadingElement.isLoaded(AjaxElementLocator.java:140)
	at org.openqa.selenium.support.ui.SlowLoadableComponent.get(SlowLoadableComponent.java:70)
	at org.openqa.selenium.support.pagefactory.AjaxElementLocator.findElement(AjaxElementLocator.java:68)
	... 38 more
... Removed 28 stack frames<br/> org.openqa.selenium.NoSuchElementException: Timed out after 10 seconds. Unable to locate the element
For documentation on this error, please visit: http://seleniumhq.org/exceptions/no_such_element.html
Build info: version: &apos;2.31.0&apos;, revision: &apos;1bd294d185a80fa4206dfeab80ba773c04ac33c0&apos;, time: &apos;2013-02-27 13:51:26&apos;
System info: os.name: &apos;Windows 8.1&apos;, os.arch: &apos;amd64&apos;, os.version: &apos;6.3&apos;, java.version: &apos;1.8.0_151&apos;
Driver info: driver.version: unknown
	at org.openqa.selenium.support.pagefactory.AjaxElementLocator.findElement(AjaxElementLocator.java:70)
	at org.openqa.selenium.support.pagefactory.internal.LocatingElementHandler.invoke(LocatingElementHandler.java:34)
	at com.sun.proxy.$Proxy6.click(Unknown Source)
	at ru.st.selenium.pages.LoginPage.clickForgotPasswordButton(LoginPage.java:88)
	at ru.st.selenium.applogic2.UserHelper2.restorePasswordOfNotExistingUser(UserHelper2.java:88)
	at ru.st.selenium.testSuites.frontEndTestSuite.ForgotPasswordTest.forgotPasswordOfNotExistingUser(ForgotPasswordTest.java:40)
	at sun.reflect.NativeMethodAccessorImpl.invoke0(Native Method)
	at sun.reflect.NativeMethodAccessorImpl.invoke(NativeMethodAccessorImpl.java:62)
	at sun.reflect.DelegatingMethodAccessorImpl.invoke(DelegatingMethodAccessorImpl.java:43)
	at java.lang.reflect.Method.invoke(Method.java:498)
	at org.testng.internal.MethodInvocationHelper.invokeMethod(MethodInvocationHelper.java:80)
	at org.testng.internal.Invoker.invokeMethod(Invoker.java:714)
	at org.testng.internal.Invoker.invokeTestMethod(Invoker.java:901)
	at org.testng.internal.Invoker.invokeTestMethods(Invoker.java:1231)
	at org.testng.internal.TestMethodWorker.invokeTestMethods(TestMethodWorker.java:127)
	at org.testng.internal.TestMethodWorker.run(TestMethodWorker.java:111)
	at org.testng.TestRunner.privateRun(TestRunner.java:767)
	at org.testng.TestRunner.run(TestRunner.java:617)
	at org.testng.SuiteRunner.runTest(SuiteRunner.java:334)
	at org.testng.SuiteRunner.runSequentially(SuiteRunner.java:329)
	at org.testng.SuiteRunner.privateRun(SuiteRunner.java:291)
	at org.testng.SuiteRunner.run(SuiteRunner.java:240)
	at org.testng.SuiteRunnerWorker.runSuite(SuiteRunnerWorker.java:52)
	at org.testng.SuiteRunnerWorker.run(SuiteRunnerWorker.java:86)
	at org.testng.TestNG.runSuitesSequentially(TestNG.java:1198)
	at org.testng.TestNG.runSuitesLocally(TestNG.java:1123)
	at org.testng.TestNG.run(TestNG.java:1031)
	at org.apache.maven.surefire.testng.TestNGExecutor.run(TestNGExecutor.java:178)
	at org.apache.maven.surefire.testng.TestNGXmlTestSuite.execute(TestNGXmlTestSuite.java:92)
	at org.apache.maven.surefire.testng.TestNGProvider.invoke(TestNGProvider.java:96)
	at sun.reflect.NativeMethodAccessorImpl.invoke0(Native Method)
	at sun.reflect.NativeMethodAccessorImpl.invoke(NativeMethodAccessorImpl.java:62)
	at sun.reflect.DelegatingMethodAccessorImpl.invoke(DelegatingMethodAccessorImpl.java:43)
	at java.lang.reflect.Method.invoke(Method.java:498)
	at org.apache.maven.surefire.util.ReflectionUtils.invokeMethodWithArray(ReflectionUtils.java:189)
	at org.apache.maven.surefire.booter.ProviderFactory$ProviderProxy.invoke(ProviderFactory.java:165)
	at org.apache.maven.surefire.booter.ProviderFactory.invokeProvider(ProviderFactory.java:85)
	at org.apache.maven.surefire.booter.ForkedBooter.runSuitesInProcess(ForkedBooter.java:115)
	at org.apache.maven.surefire.booter.ForkedBooter.main(ForkedBooter.java:75)
Caused by: org.openqa.selenium.NoSuchElementException: no such element: Unable to locate element: {&quot;method&quot;:&quot;xpath&quot;,&quot;selector&quot;:&quot;//div[@class = &apos;login&apos;]//div[@class = &apos;forgot&apos;]/a&quot;}
  (Session info: chrome=63.0.3239.132)
  (Driver info: chromedriver=2.33.506120 (e3e53437346286c0bc2d2dc9aa4915ba81d9023f),platform=Windows NT 6.3.9600 x86_64) (WARNING: The server did not provide any stacktrace information)
Command duration or timeout: 26 milliseconds
For documentation on this error, please visit: http://seleniumhq.org/exceptions/no_such_element.html
Build info: version: &apos;2.31.0&apos;, revision: &apos;1bd294d185a80fa4206dfeab80ba773c04ac33c0&apos;, time: &apos;2013-02-27 13:51:26&apos;
System info: os.name: &apos;Windows 8.1&apos;, os.arch: &apos;amd64&apos;, os.version: &apos;6.3&apos;, java.version: &apos;1.8.0_151&apos;
Driver info: org.openqa.selenium.chrome.ChromeDriver
Capabilities [{applicationCacheEnabled=false, rotatable=false, mobileEmulationEnabled=false, networkConnectionEnabled=false, chrome={chromedriverVersion=2.33.506120 (e3e53437346286c0bc2d2dc9aa4915ba81d9023f), userDataDir=C:\Users\Anton89\AppData\Local\Temp\scoped_dir7488_1791}, takesHeapSnapshot=true, pageLoadStrategy=normal, databaseEnabled=false, handlesAlerts=true, hasTouchScreen=false, version=63.0.3239.132, platform=XP, browserConnectionEnabled=false, nativeEvents=true, acceptSslCerts=true, locationContextEnabled=true, webStorageEnabled=true, browserName=chrome, takesScreenshot=true, javascriptEnabled=true, cssSelectorsEnabled=true, setWindowRect=true, unexpectedAlertBehaviour=}]
Session ID: 9437e3a7e7b253c085aec3a960831067
	at sun.reflect.GeneratedConstructorAccessor19.newInstance(Unknown Source)
	at sun.reflect.DelegatingConstructorAccessorImpl.newInstance(DelegatingConstructorAccessorImpl.java:45)
	at java.lang.reflect.Constructor.newInstance(Constructor.java:423)
	at org.openqa.selenium.remote.ErrorHandler.createThrowable(ErrorHandler.java:187)
	at org.openqa.selenium.remote.ErrorHandler.throwIfResponseFailed(ErrorHandler.java:145)
	at org.openqa.selenium.remote.RemoteWebDriver.execute(RemoteWebDriver.java:554)
	at org.openqa.selenium.remote.RemoteWebDriver.findElement(RemoteWebDriver.java:307)
	at org.openqa.selenium.remote.RemoteWebDriver.findElementByXPath(RemoteWebDriver.java:404)
	at org.openqa.selenium.By$ByXPath.findElement(By.java:344)
	at org.openqa.selenium.remote.RemoteWebDriver.findElement(RemoteWebDriver.java:299)
	at org.openqa.selenium.support.pagefactory.DefaultElementLocator.findElement(DefaultElementLocator.java:59)
	at org.openqa.selenium.support.pagefactory.AjaxElementLocator.access$001(AjaxElementLocator.java:38)
	at org.openqa.selenium.support.pagefactory.AjaxElementLocator$SlowLoadingElement.isLoaded(AjaxElementLocator.java:140)
	at org.openqa.selenium.support.ui.SlowLoadableComponent.get(SlowLoadableComponent.java:70)
	at org.openqa.selenium.support.pagefactory.AjaxElementLocator.findElement(AjaxElementLocator.java:68)
	... 38 more
"</b><br>org.openqa.selenium.support.pagefactory.AjaxElementLocator.findElement(AjaxElementLocator.java:70)<br>org.openqa.selenium.support.pagefactory.internal.LocatingElementHandler.invoke(LocatingElementHandler.java:34)<br>com.sun.proxy.$Proxy6.click(Unknown Source)<br>ru.st.selenium.pages.LoginPage.clickForgotPasswordButton(LoginPage.java:88)<br>ru.st.selenium.applogic2.UserHelper2.restorePasswordOfNotExistingUser(UserHelper2.java:88)<br>ru.st.selenium.testSuites.frontEndTestSuite.ForgotPasswordTest.forgotPasswordOfNotExistingUser(ForgotPasswordTest.java:40)<br>sun.reflect.NativeMethodAccessorImpl.invoke0(Native Method)<br>sun.reflect.NativeMethodAccessorImpl.invoke(NativeMethodAccessorImpl.java:62)<br>sun.reflect.DelegatingMethodAccessorImpl.invoke(DelegatingMethodAccessorImpl.java:43)<br>java.lang.reflect.Method.invoke(Method.java:498)<br>org.testng.internal.MethodInvocationHelper.invokeMethod(MethodInvocationHelper.java:80)<br>org.testng.internal.Invoker.invokeMethod(Invoker.java:714)<br>org.testng.internal.Invoker.invokeTestMethod(Invoker.java:901)<br>org.testng.internal.Invoker.invokeTestMethods(Invoker.java:1231)<br>org.testng.internal.TestMethodWorker.invokeTestMethods(TestMethodWorker.java:127)<br>org.testng.internal.TestMethodWorker.run(TestMethodWorker.java:111)<br>org.testng.TestRunner.privateRun(TestRunner.java:767)<br>org.testng.TestRunner.run(TestRunner.java:617)<br>org.testng.SuiteRunner.runTest(SuiteRunner.java:334)<br>org.testng.SuiteRunner.runSequentially(SuiteRunner.java:329)<br>org.testng.SuiteRunner.privateRun(SuiteRunner.java:291)<br>org.testng.SuiteRunner.run(SuiteRunner.java:240)<br>org.testng.SuiteRunnerWorker.runSuite(SuiteRunnerWorker.java:52)<br>org.testng.SuiteRunnerWorker.run(SuiteRunnerWorker.java:86)<br>org.testng.TestNG.runSuitesSequentially(TestNG.java:1198)<br>org.testng.TestNG.runSuitesLocally(TestNG.java:1123)<br>org.testng.TestNG.run(TestNG.java:1031)<br>org.apache.maven.surefire.testng.TestNGExecutor.run(TestNGExecutor.java:178)<br>org.apache.maven.surefire.testng.TestNGXmlTestSuite.execute(TestNGXmlTestSuite.java:92)<br>org.apache.maven.surefire.testng.TestNGProvider.invoke(TestNGProvider.java:96)<br>sun.reflect.NativeMethodAccessorImpl.invoke0(Native Method)<br>sun.reflect.NativeMethodAccessorImpl.invoke(NativeMethodAccessorImpl.java:62)<br>sun.reflect.DelegatingMethodAccessorImpl.invoke(DelegatingMethodAccessorImpl.java:43)<br>java.lang.reflect.Method.invoke(Method.java:498)<br>org.apache.maven.surefire.util.ReflectionUtils.invokeMethodWithArray(ReflectionUtils.java:189)<br>org.apache.maven.surefire.booter.ProviderFactory$ProviderProxy.invoke(ProviderFactory.java:165)<br>org.apache.maven.surefire.booter.ProviderFactory.invokeProvider(ProviderFactory.java:85)<br>org.apache.maven.surefire.booter.ForkedBooter.runSuitesInProcess(ForkedBooter.java:115)<br>org.apache.maven.surefire.booter.ForkedBooter.main(ForkedBooter.java:75)<br>
</div> <!-- stack-trace -->
                </div> <!-- method-content -->
              </div> <!-- method -->
            </div> <!-- main-panel-content rounded-window-bottom -->
          </div> <!-- suite-FrontEnd_test_suite-class-failed -->
          <div class="suite-FrontEnd_test_suite-class-passed">
            <div class="main-panel-header rounded-window-top">
              <img src="passed.png"/>
              <span class="class-name">ru.st.selenium.testSuites.frontEndTestSuite.NewUserRegistration</span>
            </div> <!-- main-panel-header rounded-window-top -->
            <div class="main-panel-content rounded-window-bottom">
              <div class="method">
                <div class="method-content">
                  <a name="registrationOfNewUserTest">
                  </a> <!-- registrationOfNewUserTest -->
                  <span class="method-name">registrationOfNewUserTest</span>
                </div> <!-- method-content -->
              </div> <!-- method -->
            </div> <!-- main-panel-content rounded-window-bottom -->
          </div> <!-- suite-FrontEnd_test_suite-class-passed -->
          <div class="suite-FrontEnd_test_suite-class-passed">
            <div class="main-panel-header rounded-window-top">
              <img src="passed.png"/>
              <span class="class-name">ru.st.selenium.testSuites.frontEndTestSuite.DeleteUserFromDataBase</span>
            </div> <!-- main-panel-header rounded-window-top -->
            <div class="main-panel-content rounded-window-bottom">
              <div class="method">
                <div class="method-content">
                  <a name="deleteUserFromDataBase">
                  </a> <!-- deleteUserFromDataBase -->
                  <span class="method-name">deleteUserFromDataBase</span>
                </div> <!-- method-content -->
              </div> <!-- method -->
            </div> <!-- main-panel-content rounded-window-bottom -->
          </div> <!-- suite-FrontEnd_test_suite-class-passed -->
          <div class="suite-FrontEnd_test_suite-class-passed">
            <div class="main-panel-header rounded-window-top">
              <img src="passed.png"/>
              <span class="class-name">ru.st.selenium.testSuites.backEndTestSuite.AddNewNews</span>
            </div> <!-- main-panel-header rounded-window-top -->
            <div class="main-panel-content rounded-window-bottom">
              <div class="method">
                <div class="method-content">
                  <a name="addNewNewsItem">
                  </a> <!-- addNewNewsItem -->
                  <span class="method-name">addNewNewsItem</span>
                </div> <!-- method-content -->
              </div> <!-- method -->
            </div> <!-- main-panel-content rounded-window-bottom -->
          </div> <!-- suite-FrontEnd_test_suite-class-passed -->
          <div class="suite-FrontEnd_test_suite-class-passed">
            <div class="main-panel-header rounded-window-top">
              <img src="passed.png"/>
              <span class="class-name">ru.st.selenium.testSuites.backEndTestSuite.AddNewTournamentItem</span>
            </div> <!-- main-panel-header rounded-window-top -->
            <div class="main-panel-content rounded-window-bottom">
              <div class="method">
                <div class="method-content">
                  <a name="addNewNewsItem">
                  </a> <!-- addNewNewsItem -->
                  <span class="method-name">addNewNewsItem</span>
                </div> <!-- method-content -->
              </div> <!-- method -->
            </div> <!-- main-panel-content rounded-window-bottom -->
          </div> <!-- suite-FrontEnd_test_suite-class-passed -->
          <div class="suite-FrontEnd_test_suite-class-passed">
            <div class="main-panel-header rounded-window-top">
              <img src="passed.png"/>
              <span class="class-name">ru.st.selenium.testSuites.frontEndTestSuite.AllPagesAreLoadingTest</span>
            </div> <!-- main-panel-header rounded-window-top -->
            <div class="main-panel-content rounded-window-bottom">
              <div class="method">
                <div class="method-content">
                  <a name="allPagesAreLoadingTest">
                  </a> <!-- allPagesAreLoadingTest -->
                  <span class="method-name">allPagesAreLoadingTest</span>
                </div> <!-- method-content -->
              </div> <!-- method -->
            </div> <!-- main-panel-content rounded-window-bottom -->
          </div> <!-- suite-FrontEnd_test_suite-class-passed -->
          <div class="suite-FrontEnd_test_suite-class-passed">
            <div class="main-panel-header rounded-window-top">
              <img src="passed.png"/>
              <span class="class-name">ru.st.selenium.testSuites.frontEndTestSuite.AccountEntryTest</span>
            </div> <!-- main-panel-header rounded-window-top -->
            <div class="main-panel-content rounded-window-bottom">
              <div class="method">
                <div class="method-content">
                  <a name="accountEntryWithExistingUser">
                  </a> <!-- accountEntryWithExistingUser -->
                  <span class="method-name">accountEntryWithExistingUser</span>
                </div> <!-- method-content -->
              </div> <!-- method -->
              <div class="method">
                <div class="method-content">
                  <a name="accountEntryWithNotExistingUser">
                  </a> <!-- accountEntryWithNotExistingUser -->
                  <span class="method-name">accountEntryWithNotExistingUser</span>
                </div> <!-- method-content -->
              </div> <!-- method -->
            </div> <!-- main-panel-content rounded-window-bottom -->
          </div> <!-- suite-FrontEnd_test_suite-class-passed -->
          <div class="suite-FrontEnd_test_suite-class-passed">
            <div class="main-panel-header rounded-window-top">
              <img src="passed.png"/>
              <span class="class-name">ru.st.selenium.testSuites.backEndTestSuite.AddPageItemTest</span>
            </div> <!-- main-panel-header rounded-window-top -->
            <div class="main-panel-content rounded-window-bottom">
              <div class="method">
                <div class="method-content">
                  <a name="addNewPageItem">
                  </a> <!-- addNewPageItem -->
                  <span class="method-name">addNewPageItem</span>
                </div> <!-- method-content -->
              </div> <!-- method -->
            </div> <!-- main-panel-content rounded-window-bottom -->
          </div> <!-- suite-FrontEnd_test_suite-class-passed -->
          <div class="suite-FrontEnd_test_suite-class-passed">
            <div class="main-panel-header rounded-window-top">
              <img src="passed.png"/>
              <span class="class-name">ru.st.selenium.testSuites.backEndTestSuite.AdminAccountEntry</span>
            </div> <!-- main-panel-header rounded-window-top -->
            <div class="main-panel-content rounded-window-bottom">
              <div class="method">
                <div class="method-content">
                  <a name="adminAccountEntryWithBlankUser">
                  </a> <!-- adminAccountEntryWithBlankUser -->
                  <span class="method-name">adminAccountEntryWithBlankUser</span>
                </div> <!-- method-content -->
              </div> <!-- method -->
              <div class="method">
                <div class="method-content">
                  <a name="adminAccountEntryWithExistingUser">
                  </a> <!-- adminAccountEntryWithExistingUser -->
                  <span class="method-name">adminAccountEntryWithExistingUser</span>
                </div> <!-- method-content -->
              </div> <!-- method -->
              <div class="method">
                <div class="method-content">
                  <a name="adminAccountEntryWithNotExistingUser">
                  </a> <!-- adminAccountEntryWithNotExistingUser -->
                  <span class="method-name">adminAccountEntryWithNotExistingUser</span>
                </div> <!-- method-content -->
              </div> <!-- method -->
            </div> <!-- main-panel-content rounded-window-bottom -->
          </div> <!-- suite-FrontEnd_test_suite-class-passed -->
          <div class="suite-FrontEnd_test_suite-class-passed">
            <div class="main-panel-header rounded-window-top">
              <img src="passed.png"/>
              <span class="class-name">ru.st.selenium.testSuites.backEndTestSuite.AddNewMenuItems</span>
            </div> <!-- main-panel-header rounded-window-top -->
            <div class="main-panel-content rounded-window-bottom">
              <div class="method">
                <div class="method-content">
                  <a name="addNewMenuItem">
                  </a> <!-- addNewMenuItem -->
                  <span class="method-name">addNewMenuItem</span>
                </div> <!-- method-content -->
              </div> <!-- method -->
            </div> <!-- main-panel-content rounded-window-bottom -->
          </div> <!-- suite-FrontEnd_test_suite-class-passed -->
          <div class="suite-FrontEnd_test_suite-class-passed">
            <div class="main-panel-header rounded-window-top">
              <img src="passed.png"/>
              <span class="class-name">ru.st.selenium.testSuites.backEndTestSuite.AddNewPhotoGallery</span>
            </div> <!-- main-panel-header rounded-window-top -->
            <div class="main-panel-content rounded-window-bottom">
              <div class="method">
                <div class="method-content">
                  <a name="addNewPhotoGallery">
                  </a> <!-- addNewPhotoGallery -->
                  <span class="method-name">addNewPhotoGallery</span>
                </div> <!-- method-content -->
              </div> <!-- method -->
            </div> <!-- main-panel-content rounded-window-bottom -->
          </div> <!-- suite-FrontEnd_test_suite-class-passed -->
          <div class="suite-FrontEnd_test_suite-class-passed">
            <div class="main-panel-header rounded-window-top">
              <img src="passed.png"/>
              <span class="class-name">ru.st.selenium.testSuites.backEndTestSuite.UploadingPhoto</span>
            </div> <!-- main-panel-header rounded-window-top -->
            <div class="main-panel-content rounded-window-bottom">
              <div class="method">
                <div class="method-content">
                  <a name="adminAccountEntryWithExistingUser">
                  </a> <!-- adminAccountEntryWithExistingUser -->
                  <span class="method-name">adminAccountEntryWithExistingUser</span>
                </div> <!-- method-content -->
              </div> <!-- method -->
            </div> <!-- main-panel-content rounded-window-bottom -->
          </div> <!-- suite-FrontEnd_test_suite-class-passed -->
          <div class="suite-FrontEnd_test_suite-class-passed">
            <div class="main-panel-header rounded-window-top">
              <img src="passed.png"/>
              <span class="class-name">ru.st.selenium.testSuites.frontEndTestSuite.BuyItemTest</span>
            </div> <!-- main-panel-header rounded-window-top -->
            <div class="main-panel-content rounded-window-bottom">
              <div class="method">
                <div class="method-content">
                  <a name="buyItemTest">
                  </a> <!-- buyItemTest -->
                  <span class="method-name">buyItemTest</span>
                </div> <!-- method-content -->
              </div> <!-- method -->
            </div> <!-- main-panel-content rounded-window-bottom -->
          </div> <!-- suite-FrontEnd_test_suite-class-passed -->
          <div class="suite-FrontEnd_test_suite-class-passed">
            <div class="main-panel-header rounded-window-top">
              <img src="passed.png"/>
              <span class="class-name">ru.st.selenium.testSuites.backEndTestSuite.AddNewProductItem</span>
            </div> <!-- main-panel-header rounded-window-top -->
            <div class="main-panel-content rounded-window-bottom">
              <div class="method">
                <div class="method-content">
                  <a name="addNewNewsItem">
                  </a> <!-- addNewNewsItem -->
                  <span class="method-name">addNewNewsItem</span>
                </div> <!-- method-content -->
              </div> <!-- method -->
            </div> <!-- main-panel-content rounded-window-bottom -->
          </div> <!-- suite-FrontEnd_test_suite-class-passed -->
        </div> <!-- panel FrontEnd_test_suite -->
        <div panel-name="test-xml-FrontEnd_test_suite" class="panel">
          <div class="main-panel-header rounded-window-top">
            <span class="header-content">C:\mafPortalAutomation\src\test\resources\testng.xml</span>
          </div> <!-- main-panel-header rounded-window-top -->
          <div class="main-panel-content rounded-window-bottom">
            <pre>
&lt;?xml version=&quot;1.0&quot; encoding=&quot;UTF-8&quot;?&gt;
&lt;!DOCTYPE suite SYSTEM &quot;http://testng.org/testng-1.0.dtd&quot;&gt;
&lt;suite verbose=&quot;0&quot; name=&quot;FrontEnd test suite&quot; data-provider-thread-count=&quot;1&quot;&gt;
  &lt;listeners&gt;
    &lt;listener class-name=&quot;org.uncommons.reportng.HTMLReporter&quot;/&gt;
    &lt;listener class-name=&quot;org.uncommons.reportng.JUnitXMLReporter&quot;/&gt;
  &lt;/listeners&gt;
  &lt;test name=&quot;All pages are loading test&quot;&gt;
    &lt;parameter name=&quot;path&quot; value=&quot;/&quot;/&gt;
    &lt;classes&gt;
      &lt;class name=&quot;ru.st.selenium.testSuites.frontEndTestSuite.AllPagesAreLoadingTest&quot;/&gt;
    &lt;/classes&gt;
  &lt;/test&gt; &lt;!-- All pages are loading test --&gt;
  &lt;test name=&quot;New user registration tests&quot;&gt;
    &lt;parameter name=&quot;path&quot; value=&quot;/&quot;/&gt;
    &lt;classes&gt;
      &lt;class name=&quot;ru.st.selenium.testSuites.frontEndTestSuite.NewUserRegistration&quot;/&gt;
    &lt;/classes&gt;
  &lt;/test&gt; &lt;!-- New user registration tests --&gt;
  &lt;test name=&quot;Login to account&quot;&gt;
    &lt;parameter name=&quot;path&quot; value=&quot;/&quot;/&gt;
    &lt;classes&gt;
      &lt;class name=&quot;ru.st.selenium.testSuites.frontEndTestSuite.AccountEntryTest&quot;/&gt;
    &lt;/classes&gt;
  &lt;/test&gt; &lt;!-- Login to account --&gt;
  &lt;test name=&quot;Forgot password tests&quot;&gt;
    &lt;parameter name=&quot;path&quot; value=&quot;/&quot;/&gt;
    &lt;classes&gt;
      &lt;class name=&quot;ru.st.selenium.testSuites.frontEndTestSuite.ForgotPasswordTest&quot;/&gt;
    &lt;/classes&gt;
  &lt;/test&gt; &lt;!-- Forgot password tests --&gt;
  &lt;test name=&quot;Buy item tests&quot;&gt;
    &lt;parameter name=&quot;path&quot; value=&quot;/&quot;/&gt;
    &lt;classes&gt;
      &lt;class name=&quot;ru.st.selenium.testSuites.frontEndTestSuite.BuyItemTest&quot;/&gt;
    &lt;/classes&gt;
  &lt;/test&gt; &lt;!-- Buy item tests --&gt;
  &lt;test name=&quot;Delete user from DB&quot;&gt;
    &lt;parameter name=&quot;path&quot; value=&quot;/&quot;/&gt;
    &lt;classes&gt;
      &lt;class name=&quot;ru.st.selenium.testSuites.frontEndTestSuite.DeleteUserFromDataBase&quot;/&gt;
    &lt;/classes&gt;
  &lt;/test&gt; &lt;!-- Delete user from DB --&gt;
  &lt;test name=&quot;Admin panel entry test&quot;&gt;
    &lt;parameter name=&quot;path&quot; value=&quot;/&quot;/&gt;
    &lt;classes&gt;
      &lt;class name=&quot;ru.st.selenium.testSuites.backEndTestSuite.AdminAccountEntry&quot;/&gt;
    &lt;/classes&gt;
  &lt;/test&gt; &lt;!-- Admin panel entry test --&gt;
  &lt;test name=&quot;Add menu items&quot;&gt;
    &lt;parameter name=&quot;path&quot; value=&quot;/&quot;/&gt;
    &lt;classes&gt;
      &lt;class name=&quot;ru.st.selenium.testSuites.backEndTestSuite.AddNewMenuItems&quot;/&gt;
    &lt;/classes&gt;
  &lt;/test&gt; &lt;!-- Add menu items --&gt;
  &lt;test name=&quot;Add news items&quot;&gt;
    &lt;parameter name=&quot;path&quot; value=&quot;/&quot;/&gt;
    &lt;classes&gt;
      &lt;class name=&quot;ru.st.selenium.testSuites.backEndTestSuite.AddNewNews&quot;/&gt;
    &lt;/classes&gt;
  &lt;/test&gt; &lt;!-- Add news items --&gt;
  &lt;test name=&quot;Add page items&quot;&gt;
    &lt;parameter name=&quot;path&quot; value=&quot;/&quot;/&gt;
    &lt;classes&gt;
      &lt;class name=&quot;ru.st.selenium.testSuites.backEndTestSuite.AddPageItemTest&quot;/&gt;
    &lt;/classes&gt;
  &lt;/test&gt; &lt;!-- Add page items --&gt;
  &lt;test name=&quot;Add tournament items&quot;&gt;
    &lt;parameter name=&quot;path&quot; value=&quot;/&quot;/&gt;
    &lt;classes&gt;
      &lt;class name=&quot;ru.st.selenium.testSuites.backEndTestSuite.AddNewTournamentItem&quot;/&gt;
    &lt;/classes&gt;
  &lt;/test&gt; &lt;!-- Add tournament items --&gt;
  &lt;test name=&quot;Add product items&quot;&gt;
    &lt;parameter name=&quot;path&quot; value=&quot;/&quot;/&gt;
    &lt;classes&gt;
      &lt;class name=&quot;ru.st.selenium.testSuites.backEndTestSuite.AddNewProductItem&quot;/&gt;
    &lt;/classes&gt;
  &lt;/test&gt; &lt;!-- Add product items --&gt;
  &lt;test name=&quot;Add photo gallery items&quot;&gt;
    &lt;parameter name=&quot;path&quot; value=&quot;/&quot;/&gt;
    &lt;classes&gt;
      &lt;class name=&quot;ru.st.selenium.testSuites.backEndTestSuite.AddNewPhotoGallery&quot;/&gt;
    &lt;/classes&gt;
  &lt;/test&gt; &lt;!-- Add photo gallery items --&gt;
  &lt;test name=&quot;Add video gallery items&quot;&gt;
    &lt;parameter name=&quot;path&quot; value=&quot;/&quot;/&gt;
    &lt;classes&gt;
      &lt;class name=&quot;ru.st.selenium.testSuites.backEndTestSuite.AddNewVideoGallery&quot;/&gt;
    &lt;/classes&gt;
  &lt;/test&gt; &lt;!-- Add video gallery items --&gt;
  &lt;test name=&quot;Upload images test&quot;&gt;
    &lt;parameter name=&quot;path&quot; value=&quot;/&quot;/&gt;
    &lt;classes&gt;
      &lt;class name=&quot;ru.st.selenium.testSuites.backEndTestSuite.UploadingPhoto&quot;/&gt;
    &lt;/classes&gt;
  &lt;/test&gt; &lt;!-- Upload images test --&gt;
&lt;/suite&gt; &lt;!-- FrontEnd test suite --&gt;
            </pre>
          </div> <!-- main-panel-content rounded-window-bottom -->
        </div> <!-- panel -->
        <div panel-name="testlist-FrontEnd_test_suite" class="panel">
          <div class="main-panel-header rounded-window-top">
            <span class="header-content">Tests for FrontEnd test suite</span>
          </div> <!-- main-panel-header rounded-window-top -->
          <div class="main-panel-content rounded-window-bottom">
            <ul>
              <li>
                <span class="test-name">All pages are loading test (1 class)</span>
              </li>
              <li>
                <span class="test-name">New user registration tests (1 class)</span>
              </li>
              <li>
                <span class="test-name">Login to account (1 class)</span>
              </li>
              <li>
                <span class="test-name">Forgot password tests (1 class)</span>
              </li>
              <li>
                <span class="test-name">Buy item tests (1 class)</span>
              </li>
              <li>
                <span class="test-name">Delete user from DB (1 class)</span>
              </li>
              <li>
                <span class="test-name">Admin panel entry test (1 class)</span>
              </li>
              <li>
                <span class="test-name">Add menu items (1 class)</span>
              </li>
              <li>
                <span class="test-name">Add news items (1 class)</span>
              </li>
              <li>
                <span class="test-name">Add page items (1 class)</span>
              </li>
              <li>
                <span class="test-name">Add tournament items (1 class)</span>
              </li>
              <li>
                <span class="test-name">Add product items (1 class)</span>
              </li>
              <li>
                <span class="test-name">Add photo gallery items (1 class)</span>
              </li>
              <li>
                <span class="test-name">Add video gallery items (1 class)</span>
              </li>
              <li>
                <span class="test-name">Upload images test (1 class)</span>
              </li>
            </ul>
          </div> <!-- main-panel-content rounded-window-bottom -->
        </div> <!-- panel -->
        <div panel-name="group-FrontEnd_test_suite" class="panel">
          <div class="main-panel-header rounded-window-top">
            <span class="header-content">Groups for FrontEnd test suite</span>
          </div> <!-- main-panel-header rounded-window-top -->
          <div class="main-panel-content rounded-window-bottom">
          </div> <!-- main-panel-content rounded-window-bottom -->
        </div> <!-- panel -->
        <div panel-name="times-FrontEnd_test_suite" class="panel">
          <div class="main-panel-header rounded-window-top">
            <span class="header-content">Times for FrontEnd test suite</span>
          </div> <!-- main-panel-header rounded-window-top -->
          <div class="main-panel-content rounded-window-bottom">
            <div class="times-div">
              <script type="text/javascript">
suiteTableInitFunctions.push('tableData_FrontEnd_test_suite');
function tableData_FrontEnd_test_suite() {
var data = new google.visualization.DataTable();
data.addColumn('number', 'Number');
data.addColumn('string', 'Method');
data.addColumn('string', 'Class');
data.addColumn('number', 'Time (ms)');
data.addRows(19);
data.setCell(0, 0, 0)
data.setCell(0, 1, 'buyItemTest')
data.setCell(0, 2, 'ru.st.selenium.testSuites.frontEndTestSuite.BuyItemTest')
data.setCell(0, 3, 93623);
data.setCell(1, 0, 1)
data.setCell(1, 1, 'addNewNewsItem')
data.setCell(1, 2, 'ru.st.selenium.testSuites.backEndTestSuite.AddNewNews')
data.setCell(1, 3, 76706);
data.setCell(2, 0, 2)
data.setCell(2, 1, 'addNewNewsItem')
data.setCell(2, 2, 'ru.st.selenium.testSuites.backEndTestSuite.AddNewTournamentItem')
data.setCell(2, 3, 66571);
data.setCell(3, 0, 3)
data.setCell(3, 1, 'forgotPasswordOfExistingUser')
data.setCell(3, 2, 'ru.st.selenium.testSuites.frontEndTestSuite.ForgotPasswordTest')
data.setCell(3, 3, 64577);
data.setCell(4, 0, 4)
data.setCell(4, 1, 'accountEntryWithExistingUser')
data.setCell(4, 2, 'ru.st.selenium.testSuites.frontEndTestSuite.AccountEntryTest')
data.setCell(4, 3, 63916);
data.setCell(5, 0, 5)
data.setCell(5, 1, 'registrationOfNewUserTest')
data.setCell(5, 2, 'ru.st.selenium.testSuites.frontEndTestSuite.NewUserRegistration')
data.setCell(5, 3, 59320);
data.setCell(6, 0, 6)
data.setCell(6, 1, 'addNewPhotoGallery')
data.setCell(6, 2, 'ru.st.selenium.testSuites.backEndTestSuite.AddNewPhotoGallery')
data.setCell(6, 3, 47933);
data.setCell(7, 0, 7)
data.setCell(7, 1, 'addNewNewsItem')
data.setCell(7, 2, 'ru.st.selenium.testSuites.backEndTestSuite.AddNewProductItem')
data.setCell(7, 3, 44859);
data.setCell(8, 0, 8)
data.setCell(8, 1, 'addNewPageItem')
data.setCell(8, 2, 'ru.st.selenium.testSuites.backEndTestSuite.AddPageItemTest')
data.setCell(8, 3, 43771);
data.setCell(9, 0, 9)
data.setCell(9, 1, 'addNewMenuItem')
data.setCell(9, 2, 'ru.st.selenium.testSuites.backEndTestSuite.AddNewMenuItems')
data.setCell(9, 3, 34494);
data.setCell(10, 0, 10)
data.setCell(10, 1, 'deleteUserFromDataBase')
data.setCell(10, 2, 'ru.st.selenium.testSuites.frontEndTestSuite.DeleteUserFromDataBase')
data.setCell(10, 3, 30152);
data.setCell(11, 0, 11)
data.setCell(11, 1, 'addNewVideoGallery')
data.setCell(11, 2, 'ru.st.selenium.testSuites.backEndTestSuite.AddNewVideoGallery')
data.setCell(11, 3, 30146);
data.setCell(12, 0, 12)
data.setCell(12, 1, 'adminAccountEntryWithExistingUser')
data.setCell(12, 2, 'ru.st.selenium.testSuites.backEndTestSuite.UploadingPhoto')
data.setCell(12, 3, 29320);
data.setCell(13, 0, 13)
data.setCell(13, 1, 'adminAccountEntryWithExistingUser')
data.setCell(13, 2, 'ru.st.selenium.testSuites.backEndTestSuite.AdminAccountEntry')
data.setCell(13, 3, 28817);
data.setCell(14, 0, 14)
data.setCell(14, 1, 'forgotPasswordOfNotExistingUser')
data.setCell(14, 2, 'ru.st.selenium.testSuites.frontEndTestSuite.ForgotPasswordTest')
data.setCell(14, 3, 22631);
data.setCell(15, 0, 15)
data.setCell(15, 1, 'allPagesAreLoadingTest')
data.setCell(15, 2, 'ru.st.selenium.testSuites.frontEndTestSuite.AllPagesAreLoadingTest')
data.setCell(15, 3, 21046);
data.setCell(16, 0, 16)
data.setCell(16, 1, 'adminAccountEntryWithBlankUser')
data.setCell(16, 2, 'ru.st.selenium.testSuites.backEndTestSuite.AdminAccountEntry')
data.setCell(16, 3, 16818);
data.setCell(17, 0, 17)
data.setCell(17, 1, 'adminAccountEntryWithNotExistingUser')
data.setCell(17, 2, 'ru.st.selenium.testSuites.backEndTestSuite.AdminAccountEntry')
data.setCell(17, 3, 14863);
data.setCell(18, 0, 18)
data.setCell(18, 1, 'accountEntryWithNotExistingUser')
data.setCell(18, 2, 'ru.st.selenium.testSuites.frontEndTestSuite.AccountEntryTest')
data.setCell(18, 3, 7670);
window.suiteTableData['FrontEnd_test_suite']= { tableData: data, tableDiv: 'times-div-FrontEnd_test_suite'}
return data;
}
              </script>
              <span class="suite-total-time">Total running time: 13 minutes</span>
              <div id="times-div-FrontEnd_test_suite">
              </div> <!-- times-div-FrontEnd_test_suite -->
            </div> <!-- times-div -->
          </div> <!-- main-panel-content rounded-window-bottom -->
        </div> <!-- panel -->
        <div panel-name="reporter-FrontEnd_test_suite" class="panel">
          <div class="main-panel-header rounded-window-top">
            <span class="header-content">Reporter output for FrontEnd test suite</span>
          </div> <!-- main-panel-header rounded-window-top -->
          <div class="main-panel-content rounded-window-bottom">
            <div class="reporter-method-div">
              <span class="reporter-method-name">allPagesAreLoadingTest</span>
              <div class="reporter-method-output-div">
                <span class="reporter-method-output">--------Starting "allPagesAreLoadingTest" test---------</span>
                <span class="reporter-method-output">Internal page was loaded successfully |||||| </span>
                <span class="reporter-method-output">Clubs page was loaded successfully</span>
                <span class="reporter-method-output">Internal page was loaded successfully |||||| </span>
                <span class="reporter-method-output">The game page was loaded successfully</span>
                <span class="reporter-method-output">Internal page was loaded successfully |||||| </span>
                <span class="reporter-method-output">News page was loaded successfully</span>
                <span class="reporter-method-output">Internal page was loaded successfully |||||| </span>
                <span class="reporter-method-output">Tournaments page was loaded successfully</span>
                <span class="reporter-method-output">Internal page was loaded successfully |||||| </span>
                <span class="reporter-method-output">History page was loaded successfully</span>
                <span class="reporter-method-output">Gallery button was clicked |||||| </span>
                <span class="reporter-method-output">Internal page was loaded successfully |||||| </span>
                <span class="reporter-method-output">Gallery page was loaded successfully</span>
                <span class="reporter-method-output">Shop button was clicked |||||| </span>
                <span class="reporter-method-output">Internal page was loaded successfully |||||| </span>
                <span class="reporter-method-output">Shop page was loaded successfully</span>
                <span class="reporter-method-output">Login button was clicked |||||| </span>
                <span class="reporter-method-output">Internal page was loaded successfully |||||| </span>
                <span class="reporter-method-output">Login dialog was loaded</span>
                <span class="reporter-method-output">Login dialog was closed</span>
                <span class="reporter-method-output">--------Finishing "allPagesAreLoadingTest" test---------</span>
              </div> <!-- reporter-method-output-div -->
            </div> <!-- reporter-method-div -->
            <div class="reporter-method-div">
              <span class="reporter-method-name">registrationOfNewUserTest</span>
              <div class="reporter-method-output-div">
                <span class="reporter-method-output">Login button was clicked |||||| </span>
                <span class="reporter-method-output">Internal page was loaded successfully |||||| </span>
                <span class="reporter-method-output">Registration page was loaded successfully</span>
                <span class="reporter-method-output">Message after registration is: "You have successfully registered. A link to confirm your registration has been sent to your email address."</span>
                <span class="reporter-method-output">Email registration link in email is "http://34.214.90.155/ru/register/verify/token_tJTYLAfcg5HDc9q92BhU"</span>
                <span class="reporter-method-output">Login button was clicked |||||| </span>
                <span class="reporter-method-output">Username "isko.antontest@gmail.com" typed to username field</span>
                <span class="reporter-method-output">Password "12345678" typed to password field</span>
                <span class="reporter-method-output">Submit button clicked</span>
                <span class="reporter-method-output">Internal page was loaded successfully |||||| </span>
                <span class="reporter-method-output">Login is successfull</span>
                <span class="reporter-method-output">Login button was clicked |||||| </span>
                <span class="reporter-method-output">Internal page was loaded successfully |||||| </span>
                <span class="reporter-method-output">Account page was loaded successfully</span>
                <span class="reporter-method-output">Logged in as isko.antontest@gmail.com</span>
                <span class="reporter-method-output">Login button was clicked |||||| </span>
                <span class="reporter-method-output">Internal page was loaded successfully |||||| </span>
                <span class="reporter-method-output">Logout successful</span>
              </div> <!-- reporter-method-output-div -->
            </div> <!-- reporter-method-div -->
            <div class="reporter-method-div">
              <span class="reporter-method-name">accountEntryWithExistingUser</span>
              <div class="reporter-method-output-div">
                <span class="reporter-method-output">--------Starting "accountEntryWithExistingUser" test---------</span>
                <span class="reporter-method-output">Login button was clicked |||||| </span>
                <span class="reporter-method-output">Username "isko.antontest@gmail.com" typed to username field</span>
                <span class="reporter-method-output">Password "12345678" typed to password field</span>
                <span class="reporter-method-output">Submit button clicked</span>
                <span class="reporter-method-output">Internal page was loaded successfully |||||| </span>
                <span class="reporter-method-output">Login is successfull</span>
                <span class="reporter-method-output">Login button was clicked |||||| </span>
                <span class="reporter-method-output">Internal page was loaded successfully |||||| </span>
                <span class="reporter-method-output">Account page was loaded successfully</span>
                <span class="reporter-method-output">Logged in as isko.antontest@gmail.com</span>
                <span class="reporter-method-output">Login button was clicked |||||| </span>
                <span class="reporter-method-output">Internal page was loaded successfully |||||| </span>
                <span class="reporter-method-output">Logout successful</span>
                <span class="reporter-method-output">--------Finishing "accountEntryWithExistingUser" test---------</span>
              </div> <!-- reporter-method-output-div -->
            </div> <!-- reporter-method-div -->
            <div class="reporter-method-div">
              <span class="reporter-method-name">accountEntryWithNotExistingUser</span>
              <div class="reporter-method-output-div">
                <span class="reporter-method-output">--------Starting "accountEntryWithNotExistingUser" test---------</span>
                <span class="reporter-method-output">Login button was clicked |||||| </span>
                <span class="reporter-method-output">Username "NotExistingUser@gmail.com" typed to username field</span>
                <span class="reporter-method-output">Password "007mafia007" typed to password field</span>
                <span class="reporter-method-output">Submit button clicked</span>
                <span class="reporter-method-output">Internal page was loaded successfully |||||| </span>
                <span class="reporter-method-output">Login is successfull</span>
                <span class="reporter-method-output">Internal page was loaded successfully |||||| </span>
                <span class="reporter-method-output">Login dialog was loaded</span>
                <span class="reporter-method-output">Login dialog was closed</span>
                <span class="reporter-method-output">--------Finishing "accountEntryWithNotExistingUser" test---------</span>
              </div> <!-- reporter-method-output-div -->
            </div> <!-- reporter-method-div -->
            <div class="reporter-method-div">
              <span class="reporter-method-name">forgotPasswordOfNotExistingUser</span>
              <div class="reporter-method-output-div">
                <span class="reporter-method-output">--------Starting "forgotPasswordOfNotExistingUser" test---------</span>
                <span class="reporter-method-output">Login button was clicked |||||| </span>
              </div> <!-- reporter-method-output-div -->
            </div> <!-- reporter-method-div -->
            <div class="reporter-method-div">
              <span class="reporter-method-name">forgotPasswordOfExistingUser</span>
              <div class="reporter-method-output-div">
                <span class="reporter-method-output">--------Starting "forgotPasswordOfExistingUser" test---------</span>
                <span class="reporter-method-output">Login button was clicked |||||| </span>
                <span class="reporter-method-output">forgot password button was clicked</span>
                <span class="reporter-method-output">Username "isko.antontest@gmail.com" typed to username field</span>
                <span class="reporter-method-output">Send password button was pressed</span>
                <span class="reporter-method-output">Internal page was loaded successfully |||||| </span>
                <span class="reporter-method-output">Login dialog was loaded</span>
                <span class="reporter-method-output">Login dialog was closed</span>
                <span class="reporter-method-output">Email restore password link in email is "http://34.214.90.155/password/reset/b1dc7f4ed338117e0de1f51f879db3e1ac5d9675743d35b27f69ab3e159c0c43"</span>
                <span class="reporter-method-output">Email isko.antontest@gmail.com was typed to email field</span>
                <span class="reporter-method-output">Password 123456789 was typed to password field</span>
                <span class="reporter-method-output">Password 123456789 was typed to password confirmation field</span>
                <span class="reporter-method-output">Submit button was pressed on Reset Password Page</span>
                <span class="reporter-method-output">Login button was clicked |||||| </span>
              </div> <!-- reporter-method-output-div -->
            </div> <!-- reporter-method-div -->
            <div class="reporter-method-div">
              <span class="reporter-method-name">buyItemTest</span>
              <div class="reporter-method-output-div">
                <span class="reporter-method-output">--------Starting "buyItemTest" test---------</span>
                <span class="reporter-method-output">Login button was clicked |||||| </span>
                <span class="reporter-method-output">Username "isko.antontest@gmail.com" typed to username field</span>
                <span class="reporter-method-output">Password "123456789" typed to password field</span>
                <span class="reporter-method-output">Submit button clicked</span>
                <span class="reporter-method-output">Internal page was loaded successfully |||||| </span>
                <span class="reporter-method-output">Login is successfull</span>
                <span class="reporter-method-output">Shop button was clicked |||||| </span>
                <span class="reporter-method-output">Buy button was clicked</span>
                <span class="reporter-method-output">Item "Product 2" was bought</span>
                <span class="reporter-method-output">"Continue shopping" button was clicked</span>
                <span class="reporter-method-output">Shop button was clicked |||||| </span>
                <span class="reporter-method-output">Buy button was clicked</span>
                <span class="reporter-method-output">Item "Product 1" was bought</span>
                <span class="reporter-method-output">"Continue shopping" button was clicked</span>
                <span class="reporter-method-output">Login button was clicked |||||| </span>
                <span class="reporter-method-output">Cart button was clicked |||||| </span>
                <span class="reporter-method-output">Item Product 2 exist in the cart</span>
                <span class="reporter-method-output">Login button was clicked |||||| </span>
                <span class="reporter-method-output">Cart button was clicked |||||| </span>
                <span class="reporter-method-output">Item Product 1 exist in the cart</span>
                <span class="reporter-method-output">Login button was clicked |||||| </span>
                <span class="reporter-method-output">Cart button was clicked |||||| </span>
                <span class="reporter-method-output">Item Product 2 was removed from the cart</span>
                <span class="reporter-method-output">Login button was clicked |||||| </span>
                <span class="reporter-method-output">Cart button was clicked |||||| </span>
                <span class="reporter-method-output">Item Product 1 was removed from the cart</span>
                <span class="reporter-method-output">Login button was clicked |||||| </span>
                <span class="reporter-method-output">Internal page was loaded successfully |||||| </span>
                <span class="reporter-method-output">Logout successful</span>
                <span class="reporter-method-output">--------Finishing "buyItemTest" test---------</span>
              </div> <!-- reporter-method-output-div -->
            </div> <!-- reporter-method-div -->
            <div class="reporter-method-div">
              <span class="reporter-method-name">deleteUserFromDataBase</span>
              <div class="reporter-method-output-div">
                <span class="reporter-method-output">"mafia@mafia.com" was typed to email field</span>
                <span class="reporter-method-output">"123456" was typed to password field</span>
                <span class="reporter-method-output">Login button was clicked</span>
                <span class="reporter-method-output">Tab Users, Roles, Permissions was clicked</span>
                <span class="reporter-method-output">Tab Users was clicked</span>
                <span class="reporter-method-output">Admin Users page was loaded successfully</span>
                <span class="reporter-method-output">Text isko.antontest@gmail.com was typed to the search field</span>
                <span class="reporter-method-output">Alert about deleting was accepted</span>
                <span class="reporter-method-output">User isko.antontest@gmail.com deleted</span>
              </div> <!-- reporter-method-output-div -->
            </div> <!-- reporter-method-div -->
            <div class="reporter-method-div">
              <span class="reporter-method-name">adminAccountEntryWithNotExistingUser</span>
              <div class="reporter-method-output-div">
                <span class="reporter-method-output">"wrongemail@mail.ru" was typed to email field</span>
                <span class="reporter-method-output">"wrongPassword" was typed to password field</span>
                <span class="reporter-method-output">Login button was clicked</span>
                <span class="reporter-method-output">The messagein email field is     .</span>
                <span class="reporter-method-output">--------Finishing "adminAccountEntryWithNotExistingUser" test---------</span>
              </div> <!-- reporter-method-output-div -->
            </div> <!-- reporter-method-div -->
            <div class="reporter-method-div">
              <span class="reporter-method-name">adminAccountEntryWithExistingUser</span>
              <div class="reporter-method-output-div">
                <span class="reporter-method-output">"mafia@mafia.com" was typed to email field</span>
                <span class="reporter-method-output">"123456" was typed to password field</span>
                <span class="reporter-method-output">Login button was clicked</span>
                <span class="reporter-method-output">Trying to click logout button</span>
                <span class="reporter-method-output">Logout button was clicked</span>
                <span class="reporter-method-output">AdminLoginPage page was loaded successfully</span>
              </div> <!-- reporter-method-output-div -->
            </div> <!-- reporter-method-div -->
            <div class="reporter-method-div">
              <span class="reporter-method-name">adminAccountEntryWithBlankUser</span>
              <div class="reporter-method-output-div">
                <span class="reporter-method-output">"" was typed to email field</span>
                <span class="reporter-method-output">"" was typed to password field</span>
                <span class="reporter-method-output">Login button was clicked</span>
                <span class="reporter-method-output">The messagein email field is The email field is required.</span>
                <span class="reporter-method-output">The message in password field is The password field is required.</span>
                <span class="reporter-method-output">--------Finishing "adminAccountEntryWithBlankUser" test---------</span>
              </div> <!-- reporter-method-output-div -->
            </div> <!-- reporter-method-div -->
            <div class="reporter-method-div">
              <span class="reporter-method-name">addNewMenuItem</span>
              <div class="reporter-method-output-div">
                <span class="reporter-method-output">--------Starting "addNewMenuItem" test---------</span>
                <span class="reporter-method-output">"mafia@mafia.com" was typed to email field</span>
                <span class="reporter-method-output">"123456" was typed to password field</span>
                <span class="reporter-method-output">Login button was clicked</span>
                <span class="reporter-method-output">Tab Menu was clicked</span>
                <span class="reporter-method-output">Add item was clicked on AdminMenuPage</span>
                <span class="reporter-method-output">Trying to click submit button</span>
                <span class="reporter-method-output">Submit button was clicked</span>
                <span class="reporter-method-output">Tab Menu was clicked</span>
                <span class="reporter-method-output">Item   has been deleted</span>
                <span class="reporter-method-output">--------Finishing "addNewMenuItem" test---------</span>
              </div> <!-- reporter-method-output-div -->
            </div> <!-- reporter-method-div -->
            <div class="reporter-method-div">
              <span class="reporter-method-name">addNewNewsItem</span>
              <div class="reporter-method-output-div">
                <span class="reporter-method-output">"mafia@mafia.com" was typed to email field</span>
                <span class="reporter-method-output">"123456" was typed to password field</span>
                <span class="reporter-method-output">Login button was clicked</span>
                <span class="reporter-method-output">Tab News was clicked</span>
                <span class="reporter-method-output">Add item was clicked on AdminNewsPage</span>
                <span class="reporter-method-output">Trying to click submit button</span>
                <span class="reporter-method-output">Submit button was clicked</span>
                <span class="reporter-method-output">Tab News was clicked</span>
                <span class="reporter-method-output">Item TestRusTitle has been deleted</span>
                <span class="reporter-method-output">--------Finishing "addNewNewsItem" test---------</span>
              </div> <!-- reporter-method-output-div -->
            </div> <!-- reporter-method-div -->
            <div class="reporter-method-div">
              <span class="reporter-method-name">addNewPageItem</span>
              <div class="reporter-method-output-div">
                <span class="reporter-method-output">"mafia@mafia.com" was typed to email field</span>
                <span class="reporter-method-output">"123456" was typed to password field</span>
                <span class="reporter-method-output">Login button was clicked</span>
                <span class="reporter-method-output">Tab Pages was clicked</span>
                <span class="reporter-method-output">Add item was clicked on AdminPagesPage</span>
                <span class="reporter-method-output">Page name field filled with 'TestPageName'</span>
                <span class="reporter-method-output">Title field filled with 'TestPageTilte'</span>
                <span class="reporter-method-output">Slug field filled with ''</span>
                <span class="reporter-method-output">Metatitle field filled with 'TestPageMetaTitle'</span>
                <span class="reporter-method-output">Social Metatitle field filled with 'TestPageSocialTitle'</span>
                <span class="reporter-method-output">Meta description field filled with 'TestPageMetaDescriptiom'</span>
                <span class="reporter-method-output">Social meta description field filled with 'TestPageSocialMetaDescription'</span>
                <span class="reporter-method-output">Metakeywords field filled with 'TestPageMetaKeywords'</span>
                <span class="reporter-method-output">Rus tab has been clicked</span>
                <span class="reporter-method-output">Rus title field filled with 'TestPageRusPageTitle'</span>
                <span class="reporter-method-output">Rus meta title field filled with 'TestPageRusMetaTitle'</span>
                <span class="reporter-method-output">Rus social meta title field filled with 'TestPageRusSocialMetaTitle'</span>
                <span class="reporter-method-output">Rus meta description field filled with 'TestPageRusMetaDescription'</span>
                <span class="reporter-method-output">Rus social meta description field filled with 'TestPageRusSocialMetaDescription'</span>
                <span class="reporter-method-output">Rus meta keywords field filled with 'TestPageRusMetaKeywords'</span>
                <span class="reporter-method-output">Trying to click submit button</span>
                <span class="reporter-method-output">Submit button was clicked</span>
                <span class="reporter-method-output">Button 'Open' was clicked for page TestPageName</span>
                <span class="reporter-method-output">Tab Pages was clicked</span>
                <span class="reporter-method-output">Item TestPageName has been deleted</span>
                <span class="reporter-method-output">--------Finishing "addNewPageItem" test---------</span>
              </div> <!-- reporter-method-output-div -->
            </div> <!-- reporter-method-div -->
            <div class="reporter-method-div">
              <span class="reporter-method-name">addNewNewsItem</span>
              <div class="reporter-method-output-div">
                <span class="reporter-method-output">"mafia@mafia.com" was typed to email field</span>
                <span class="reporter-method-output">"123456" was typed to password field</span>
                <span class="reporter-method-output">Login button was clicked</span>
                <span class="reporter-method-output">Tab Tournaments was clicked</span>
                <span class="reporter-method-output">Add item was clicked on AdminTournamentsPage</span>
                <span class="reporter-method-output">File C:\mafPortalAutomation\src\main\resources\uploads\test.png was added</span>
                <span class="reporter-method-output">Trying to click submit button</span>
                <span class="reporter-method-output">Submit button was clicked</span>
                <span class="reporter-method-output">Tab Tournaments was clicked</span>
                <span class="reporter-method-output">Item TestTournamentRusPageTitle has been deleted</span>
                <span class="reporter-method-output">--------Finishing "addNewNewsItem" test---------</span>
              </div> <!-- reporter-method-output-div -->
            </div> <!-- reporter-method-div -->
            <div class="reporter-method-div">
              <span class="reporter-method-name">addNewNewsItem</span>
              <div class="reporter-method-output-div">
                <span class="reporter-method-output">"mafia@mafia.com" was typed to email field</span>
                <span class="reporter-method-output">"123456" was typed to password field</span>
                <span class="reporter-method-output">Login button was clicked</span>
                <span class="reporter-method-output">Tab Shop was clicked</span>
                <span class="reporter-method-output">Tab Products was clicked</span>
                <span class="reporter-method-output">Add item was clicked on AdminProductsPage</span>
                <span class="reporter-method-output">Trying to click submit button</span>
                <span class="reporter-method-output">Submit button was clicked</span>
                <span class="reporter-method-output">Tab Shop was clicked</span>
                <span class="reporter-method-output">Tab Products was clicked</span>
                <span class="reporter-method-output">Item TestProductTitle has been deleted</span>
                <span class="reporter-method-output">--------Finishing "addNewNewsItem" test---------</span>
              </div> <!-- reporter-method-output-div -->
            </div> <!-- reporter-method-div -->
            <div class="reporter-method-div">
              <span class="reporter-method-name">addNewPhotoGallery</span>
              <div class="reporter-method-output-div">
                <span class="reporter-method-output">"mafia@mafia.com" was typed to email field</span>
                <span class="reporter-method-output">"123456" was typed to password field</span>
                <span class="reporter-method-output">Login button was clicked</span>
                <span class="reporter-method-output">Tab Gallery was clicked</span>
                <span class="reporter-method-output">Tab Photo was clicked</span>
                <span class="reporter-method-output">Add item was clicked on AdminPhotoPage</span>
                <span class="reporter-method-output">Title field filled with 'TestPhotoGalleryTitle'</span>
                <span class="reporter-method-output">Rus title field filled with '   '</span>
                <span class="reporter-method-output">Slug field filled with ''</span>
                <span class="reporter-method-output">Club 'Los Angeles' in select field was chosen</span>
                <span class="reporter-method-output">Tournament '15-    ' in select field was chosen</span>
                <span class="reporter-method-output">Trying to click submit button</span>
                <span class="reporter-method-output">Submit button was clicked</span>
                <span class="reporter-method-output">Tab Gallery was clicked</span>
                <span class="reporter-method-output">Tab Photo was clicked</span>
                <span class="reporter-method-output">Item     has been deleted</span>
                <span class="reporter-method-output">--------Finishing "addNewPhotoGallery" test---------</span>
              </div> <!-- reporter-method-output-div -->
            </div> <!-- reporter-method-div -->
            <div class="reporter-method-div">
              <span class="reporter-method-name">addNewVideoGallery</span>
              <div class="reporter-method-output-div">
                <span class="reporter-method-output">"mafia@mafia.com" was typed to email field</span>
                <span class="reporter-method-output">"123456" was typed to password field</span>
                <span class="reporter-method-output">Login button was clicked</span>
                <span class="reporter-method-output">Tab Gallery was clicked</span>
                <span class="reporter-method-output">Tab Video was clicked</span>
                <span class="reporter-method-output">Add item was clicked on AdminVideoGalleryPage</span>
                <span class="reporter-method-output">Title field filled with 'TestVideoGalleryTitle'</span>
                <span class="reporter-method-output">Rus title field filled with '   '</span>
                <span class="reporter-method-output">Club 'Los Angeles' in select field was chosen</span>
                <span class="reporter-method-output">Tournament '15-    ' in select field was chosen</span>
                <span class="reporter-method-output">Trying to click submit button</span>
                <span class="reporter-method-output">Submit button was clicked</span>
              </div> <!-- reporter-method-output-div -->
            </div> <!-- reporter-method-div -->
            <div class="reporter-method-div">
              <span class="reporter-method-name">adminAccountEntryWithExistingUser</span>
              <div class="reporter-method-output-div">
                <span class="reporter-method-output">"mafia@mafia.com" was typed to email field</span>
                <span class="reporter-method-output">"123456" was typed to password field</span>
                <span class="reporter-method-output">Login button was clicked</span>
                <span class="reporter-method-output">Tab Gallery was clicked</span>
                <span class="reporter-method-output">Tab Photo was clicked</span>
                <span class="reporter-method-output">Add item was clicked on AdminPhotoPage</span>
                <span class="reporter-method-output">File C:\mafPortalAutomation\src\main\resources\uploads\test.png was added</span>
                <span class="reporter-method-output">File was added succsessfully</span>
                <span class="reporter-method-output">--------Finishing "adminAccountEntryWithExistingUser" test---------</span>
              </div> <!-- reporter-method-output-div -->
            </div> <!-- reporter-method-div -->
          </div> <!-- main-panel-content rounded-window-bottom -->
        </div> <!-- panel -->
        <div panel-name="ignored-methods-FrontEnd_test_suite" class="panel">
          <div class="main-panel-header rounded-window-top">
            <span class="header-content">0 ignored methods</span>
          </div> <!-- main-panel-header rounded-window-top -->
          <div class="main-panel-content rounded-window-bottom">
          </div> <!-- main-panel-content rounded-window-bottom -->
        </div> <!-- panel -->
        <div panel-name="chronological-FrontEnd_test_suite" class="panel">
          <div class="main-panel-header rounded-window-top">
            <span class="header-content">Methods in chronological order</span>
          </div> <!-- main-panel-header rounded-window-top -->
          <div class="main-panel-content rounded-window-bottom">
            <div class="chronological-class">
              <div class="chronological-class-name">ru.st.selenium.testSuites.frontEndTestSuite.AllPagesAreLoadingTest</div> <!-- chronological-class-name -->
              <div class="configuration-class before">
                <span class="method-name">init</span>
                <span class="method-start">0 ms</span>
              </div> <!-- configuration-class before -->
              <div class="test-method">
                <span class="method-name">allPagesAreLoadingTest</span>
                <span class="method-start">18913 ms</span>
              </div> <!-- test-method -->
              <div class="configuration-method after">
                <span class="method-name">saveScreenshot([TestResult name=allPagesAreLoadingTest status=SUCCESS method=AllPagesAreLoadingTest.allPagesAreLoad...)</span>
                <span class="method-start">39960 ms</span>
              </div> <!-- configuration-method after -->
              <div class="configuration-test after">
                <span class="method-name">stop</span>
                <span class="method-start">39963 ms</span>
              </div> <!-- configuration-test after -->
            </div> <!-- chronological-class -->
            <div class="chronological-class">
              <div class="chronological-class-name">ru.st.selenium.testSuites.frontEndTestSuite.NewUserRegistration</div> <!-- chronological-class-name -->
              <div class="configuration-class before">
                <span class="method-name">init</span>
                <span class="method-start">41693 ms</span>
              </div> <!-- configuration-class before -->
              <div class="test-method">
                <span class="method-name">registrationOfNewUserTest</span>
                <span class="method-start">52737 ms</span>
              </div> <!-- test-method -->
              <div class="configuration-method after">
                <span class="method-name">saveScreenshot([TestResult name=registrationOfNewUserTest status=SUCCESS method=NewUserRegistration.registrationOfN...)</span>
                <span class="method-start">112058 ms</span>
              </div> <!-- configuration-method after -->
              <div class="configuration-test after">
                <span class="method-name">stop</span>
                <span class="method-start">112058 ms</span>
              </div> <!-- configuration-test after -->
            </div> <!-- chronological-class -->
            <div class="chronological-class">
              <div class="chronological-class-name">ru.st.selenium.testSuites.frontEndTestSuite.AccountEntryTest</div> <!-- chronological-class-name -->
              <div class="configuration-class before">
                <span class="method-name">init</span>
                <span class="method-start">113843 ms</span>
              </div> <!-- configuration-class before -->
              <div class="test-method">
                <span class="method-name">accountEntryWithExistingUser</span>
                <span class="method-start">126409 ms</span>
              </div> <!-- test-method -->
              <div class="configuration-method after">
                <span class="method-name">saveScreenshot([TestResult name=accountEntryWithExistingUser status=SUCCESS method=AccountEntryTest.accountEntryWit...)</span>
                <span class="method-start">190325 ms</span>
              </div> <!-- configuration-method after -->
              <div class="test-method">
                <span class="method-name">accountEntryWithNotExistingUser</span>
                <span class="method-start">190326 ms</span>
              </div> <!-- test-method -->
              <div class="configuration-method after">
                <span class="method-name">saveScreenshot([TestResult name=accountEntryWithNotExistingUser status=SUCCESS method=AccountEntryTest.accountEntry...)</span>
                <span class="method-start">197996 ms</span>
              </div> <!-- configuration-method after -->
              <div class="configuration-test after">
                <span class="method-name">stop</span>
                <span class="method-start">197997 ms</span>
              </div> <!-- configuration-test after -->
            </div> <!-- chronological-class -->
            <div class="chronological-class">
              <div class="chronological-class-name">ru.st.selenium.testSuites.frontEndTestSuite.ForgotPasswordTest</div> <!-- chronological-class-name -->
              <div class="configuration-class before">
                <span class="method-name">init</span>
                <span class="method-start">199601 ms</span>
              </div> <!-- configuration-class before -->
              <div class="test-method">
                <img src="failed.png">
                </img>
                <span class="method-name">forgotPasswordOfExistingUser</span>
                <span class="method-start">209837 ms</span>
              </div> <!-- test-method -->
              <div class="configuration-method after">
                <span class="method-name">saveScreenshot([TestResult name=forgotPasswordOfExistingUser status=FAILURE method=ForgotPasswordTest.forgotPasswor...)</span>
                <span class="method-start">274431 ms</span>
              </div> <!-- configuration-method after -->
              <div class="test-method">
                <img src="failed.png">
                </img>
                <span class="method-name">forgotPasswordOfNotExistingUser</span>
                <span class="method-start">274797 ms</span>
              </div> <!-- test-method -->
              <div class="configuration-method after">
                <span class="method-name">saveScreenshot([TestResult name=forgotPasswordOfNotExistingUser status=FAILURE method=ForgotPasswordTest.forgotPass...)</span>
                <span class="method-start">297455 ms</span>
              </div> <!-- configuration-method after -->
              <div class="configuration-test after">
                <span class="method-name">stop</span>
                <span class="method-start">297785 ms</span>
              </div> <!-- configuration-test after -->
            </div> <!-- chronological-class -->
            <div class="chronological-class">
              <div class="chronological-class-name">ru.st.selenium.testSuites.frontEndTestSuite.BuyItemTest</div> <!-- chronological-class-name -->
              <div class="configuration-class before">
                <span class="method-name">init</span>
                <span class="method-start">299367 ms</span>
              </div> <!-- configuration-class before -->
              <div class="test-method">
                <span class="method-name">buyItemTest</span>
                <span class="method-start">315740 ms</span>
              </div> <!-- test-method -->
              <div class="configuration-method after">
                <span class="method-name">saveScreenshot([TestResult name=buyItemTest status=SUCCESS method=BuyItemTest.buyItemTest()[pri:0, instance:ru.st.s...)</span>
                <span class="method-start">409363 ms</span>
              </div> <!-- configuration-method after -->
              <div class="configuration-test after">
                <span class="method-name">stop</span>
                <span class="method-start">409364 ms</span>
              </div> <!-- configuration-test after -->
            </div> <!-- chronological-class -->
            <div class="chronological-class">
              <div class="chronological-class-name">ru.st.selenium.testSuites.frontEndTestSuite.DeleteUserFromDataBase</div> <!-- chronological-class-name -->
              <div class="configuration-class before">
                <span class="method-name">init</span>
                <span class="method-start">410856 ms</span>
              </div> <!-- configuration-class before -->
              <div class="test-method">
                <span class="method-name">deleteUserFromDataBase</span>
                <span class="method-start">421998 ms</span>
              </div> <!-- test-method -->
              <div class="configuration-test after">
                <span class="method-name">stop</span>
                <span class="method-start">452150 ms</span>
              </div> <!-- configuration-test after -->
            </div> <!-- chronological-class -->
            <div class="chronological-class">
              <div class="chronological-class-name">ru.st.selenium.testSuites.backEndTestSuite.AdminAccountEntry</div> <!-- chronological-class-name -->
              <div class="configuration-class before">
                <span class="method-name">init</span>
                <span class="method-start">453621 ms</span>
              </div> <!-- configuration-class before -->
              <div class="test-method">
                <span class="method-name">adminAccountEntryWithBlankUser</span>
                <span class="method-start">471701 ms</span>
              </div> <!-- test-method -->
              <div class="configuration-method after">
                <span class="method-name">saveScreenshot([TestResult name=adminAccountEntryWithBlankUser status=SUCCESS method=AdminAccountEntry.adminAccount...)</span>
                <span class="method-start">488519 ms</span>
              </div> <!-- configuration-method after -->
              <div class="test-method">
                <span class="method-name">adminAccountEntryWithExistingUser</span>
                <span class="method-start">488520 ms</span>
              </div> <!-- test-method -->
              <div class="test-method">
                <span class="method-name">adminAccountEntryWithNotExistingUser</span>
                <span class="method-start">517338 ms</span>
              </div> <!-- test-method -->
              <div class="configuration-method after">
                <span class="method-name">saveScreenshot([TestResult name=adminAccountEntryWithExistingUser status=SUCCESS method=AdminAccountEntry.adminAcco...)</span>
                <span class="method-start">517338 ms</span>
              </div> <!-- configuration-method after -->
              <div class="configuration-method after">
                <span class="method-name">saveScreenshot([TestResult name=adminAccountEntryWithNotExistingUser status=SUCCESS method=AdminAccountEntry.adminA...)</span>
                <span class="method-start">532201 ms</span>
              </div> <!-- configuration-method after -->
              <div class="configuration-test after">
                <span class="method-name">stop</span>
                <span class="method-start">532202 ms</span>
              </div> <!-- configuration-test after -->
            </div> <!-- chronological-class -->
            <div class="chronological-class">
              <div class="chronological-class-name">ru.st.selenium.testSuites.backEndTestSuite.AddNewMenuItems</div> <!-- chronological-class-name -->
              <div class="configuration-class before">
                <span class="method-name">init</span>
                <span class="method-start">533760 ms</span>
              </div> <!-- configuration-class before -->
              <div class="test-method">
                <span class="method-name">addNewMenuItem</span>
                <span class="method-start">544846 ms</span>
              </div> <!-- test-method -->
              <div class="configuration-method after">
                <span class="method-name">saveScreenshot([TestResult name=addNewMenuItem status=SUCCESS method=AddNewMenuItems.addNewMenuItem()[pri:0, instan...)</span>
                <span class="method-start">579340 ms</span>
              </div> <!-- configuration-method after -->
              <div class="configuration-test after">
                <span class="method-name">stop</span>
                <span class="method-start">579341 ms</span>
              </div> <!-- configuration-test after -->
            </div> <!-- chronological-class -->
            <div class="chronological-class">
              <div class="chronological-class-name">ru.st.selenium.testSuites.backEndTestSuite.AddNewNews</div> <!-- chronological-class-name -->
              <div class="configuration-class before">
                <span class="method-name">init</span>
                <span class="method-start">580809 ms</span>
              </div> <!-- configuration-class before -->
              <div class="test-method">
                <span class="method-name">addNewNewsItem</span>
                <span class="method-start">591546 ms</span>
              </div> <!-- test-method -->
              <div class="configuration-method after">
                <span class="method-name">saveScreenshot([TestResult name=addNewNewsItem status=SUCCESS method=AddNewNews.addNewNewsItem()[pri:0, instance:ru...)</span>
                <span class="method-start">668253 ms</span>
              </div> <!-- configuration-method after -->
              <div class="configuration-test after">
                <span class="method-name">stop</span>
                <span class="method-start">668254 ms</span>
              </div> <!-- configuration-test after -->
            </div> <!-- chronological-class -->
            <div class="chronological-class">
              <div class="chronological-class-name">ru.st.selenium.testSuites.backEndTestSuite.AddPageItemTest</div> <!-- chronological-class-name -->
              <div class="configuration-class before">
                <span class="method-name">init</span>
                <span class="method-start">669998 ms</span>
              </div> <!-- configuration-class before -->
              <div class="test-method">
                <span class="method-name">addNewPageItem</span>
                <span class="method-start">680609 ms</span>
              </div> <!-- test-method -->
              <div class="configuration-method after">
                <span class="method-name">saveScreenshot([TestResult name=addNewPageItem status=SUCCESS method=AddPageItemTest.addNewPageItem()[pri:0, instan...)</span>
                <span class="method-start">724383 ms</span>
              </div> <!-- configuration-method after -->
              <div class="configuration-test after">
                <span class="method-name">stop</span>
                <span class="method-start">724393 ms</span>
              </div> <!-- configuration-test after -->
            </div> <!-- chronological-class -->
            <div class="chronological-class">
              <div class="chronological-class-name">ru.st.selenium.testSuites.backEndTestSuite.AddNewTournamentItem</div> <!-- chronological-class-name -->
              <div class="configuration-class before">
                <span class="method-name">init</span>
                <span class="method-start">726119 ms</span>
              </div> <!-- configuration-class before -->
              <div class="test-method">
                <span class="method-name">addNewNewsItem</span>
                <span class="method-start">741066 ms</span>
              </div> <!-- test-method -->
              <div class="configuration-method after">
                <span class="method-name">saveScreenshot([TestResult name=addNewNewsItem status=SUCCESS method=AddNewTournamentItem.addNewNewsItem()[pri:0, i...)</span>
                <span class="method-start">807638 ms</span>
              </div> <!-- configuration-method after -->
              <div class="configuration-test after">
                <span class="method-name">stop</span>
                <span class="method-start">807639 ms</span>
              </div> <!-- configuration-test after -->
            </div> <!-- chronological-class -->
            <div class="chronological-class">
              <div class="chronological-class-name">ru.st.selenium.testSuites.backEndTestSuite.AddNewProductItem</div> <!-- chronological-class-name -->
              <div class="configuration-class before">
                <span class="method-name">init</span>
                <span class="method-start">809202 ms</span>
              </div> <!-- configuration-class before -->
              <div class="test-method">
                <span class="method-name">addNewNewsItem</span>
                <span class="method-start">820880 ms</span>
              </div> <!-- test-method -->
              <div class="configuration-method after">
                <span class="method-name">saveScreenshot([TestResult name=addNewNewsItem status=SUCCESS method=AddNewProductItem.addNewNewsItem()[pri:0, inst...)</span>
                <span class="method-start">865739 ms</span>
              </div> <!-- configuration-method after -->
              <div class="configuration-test after">
                <span class="method-name">stop</span>
                <span class="method-start">865740 ms</span>
              </div> <!-- configuration-test after -->
            </div> <!-- chronological-class -->
            <div class="chronological-class">
              <div class="chronological-class-name">ru.st.selenium.testSuites.backEndTestSuite.AddNewPhotoGallery</div> <!-- chronological-class-name -->
              <div class="configuration-class before">
                <span class="method-name">init</span>
                <span class="method-start">867383 ms</span>
              </div> <!-- configuration-class before -->
              <div class="test-method">
                <span class="method-name">addNewPhotoGallery</span>
                <span class="method-start">878463 ms</span>
              </div> <!-- test-method -->
              <div class="configuration-method after">
                <span class="method-name">saveScreenshot([TestResult name=addNewPhotoGallery status=SUCCESS method=AddNewPhotoGallery.addNewPhotoGallery()[pr...)</span>
                <span class="method-start">926396 ms</span>
              </div> <!-- configuration-method after -->
              <div class="configuration-test after">
                <span class="method-name">stop</span>
                <span class="method-start">926397 ms</span>
              </div> <!-- configuration-test after -->
            </div> <!-- chronological-class -->
            <div class="chronological-class">
              <div class="chronological-class-name">ru.st.selenium.testSuites.backEndTestSuite.AddNewVideoGallery</div> <!-- chronological-class-name -->
              <div class="configuration-class before">
                <span class="method-name">init</span>
                <span class="method-start">928005 ms</span>
              </div> <!-- configuration-class before -->
              <div class="test-method">
                <img src="failed.png">
                </img>
                <span class="method-name">addNewVideoGallery</span>
                <span class="method-start">939616 ms</span>
              </div> <!-- test-method -->
              <div class="configuration-method after">
                <span class="method-name">saveScreenshot([TestResult name=addNewVideoGallery status=FAILURE method=AddNewVideoGallery.addNewVideoGallery()[pr...)</span>
                <span class="method-start">969764 ms</span>
              </div> <!-- configuration-method after -->
              <div class="configuration-test after">
                <span class="method-name">stop</span>
                <span class="method-start">970115 ms</span>
              </div> <!-- configuration-test after -->
            </div> <!-- chronological-class -->
            <div class="chronological-class">
              <div class="chronological-class-name">ru.st.selenium.testSuites.backEndTestSuite.UploadingPhoto</div> <!-- chronological-class-name -->
              <div class="configuration-class before">
                <span class="method-name">init</span>
                <span class="method-start">971662 ms</span>
              </div> <!-- configuration-class before -->
              <div class="test-method">
                <span class="method-name">adminAccountEntryWithExistingUser</span>
                <span class="method-start">982537 ms</span>
              </div> <!-- test-method -->
              <div class="configuration-method after">
                <span class="method-name">saveScreenshot([TestResult name=adminAccountEntryWithExistingUser status=SUCCESS method=UploadingPhoto.adminAccount...)</span>
                <span class="method-start">1011858 ms</span>
              </div> <!-- configuration-method after -->
              <div class="configuration-test after">
                <span class="method-name">stop</span>
                <span class="method-start">1011858 ms</span>
              </div> <!-- configuration-test after -->
          </div> <!-- main-panel-content rounded-window-bottom -->
        </div> <!-- panel -->
      </div> <!-- main-panel-root -->
    </div> <!-- wrapper -->
  </body>
</html>
