<?xml version="1.0" encoding="UTF-8" ?>
<testsuite tests="19" failures="3" name="TestSuite" time="797.286" errors="0" skipped="0">
  <properties>
[...]
</properties>
  <testcase classname="ru.st.selenium.testSuites.frontEndTestSuite.AllPagesAreLoadingTest" name="allPagesAreLoadingTest" time="21.048"/>
  <testcase classname="ru.st.selenium.testSuites.frontEndTestSuite.NewUserRegistration" name="registrationOfNewUserTest" time="59.32"/>
  <testcase classname="ru.st.selenium.testSuites.frontEndTestSuite.AccountEntryTest" name="accountEntryWithExistingUser" time="63.916"/>
  <testcase classname="ru.st.selenium.testSuites.frontEndTestSuite.AccountEntryTest" name="accountEntryWithNotExistingUser" time="7.67"/>
  <testcase classname="ru.st.selenium.testSuites.frontEndTestSuite.ForgotPasswordTest" name="forgotPasswordOfExistingUser" time="64.597">
    <failure message="Timed out after 10 seconds. Unable to locate the element
For documentation on this error, please visit: http://seleniumhq.org/exceptions/no_such_element.html
Build info: version: &apos;2.31.0&apos;, revision: &apos;1bd294d185a80fa4206dfeab80ba773c04ac33c0&apos;, time: &apos;2013-02-27 13:51:26&apos;
System info: os.name: &apos;Windows 8.1&apos;, os.arch: &apos;amd64&apos;, os.version: &apos;6.3&apos;, java.version: &apos;1.8.0_151&apos;
Driver info: driver.version: unknown" type="org.openqa.selenium.NoSuchElementException">org.openqa.selenium.NoSuchElementException: Timed out after 10 seconds. Unable to locate the element
For documentation on this error, please visit: http://seleniumhq.org/exceptions/no_such_element.html
Build info: version: &apos;2.31.0&apos;, revision: &apos;1bd294d185a80fa4206dfeab80ba773c04ac33c0&apos;, time: &apos;2013-02-27 13:51:26&apos;
System info: os.name: &apos;Windows 8.1&apos;, os.arch: &apos;amd64&apos;, os.version: &apos;6.3&apos;, java.version: &apos;1.8.0_151&apos;
Driver info: driver.version: unknown
	at org.openqa.selenium.support.pagefactory.AjaxElementLocator.findElement(AjaxElementLocator.java:70)
	at org.openqa.selenium.support.pagefactory.internal.LocatingElementHandler.invoke(LocatingElementHandler.java:34)
	at com.sun.proxy.$Proxy6.toString(Unknown Source)
	at java.lang.String.valueOf(String.java:2994)
	at java.lang.StringBuilder.append(StringBuilder.java:131)
	at org.openqa.selenium.support.ui.ExpectedConditions$5.toString(ExpectedConditions.java:161)
	at org.openqa.selenium.support.ui.FluentWait.until(FluentWait.java:223)
	at ru.st.selenium.pages.InternalPage.clickLogoutButton(InternalPage.java:159)
	at ru.st.selenium.applogic2.UserHelper2.logout(UserHelper2.java:34)
	at ru.st.selenium.testSuites.frontEndTestSuite.ForgotPasswordTest.forgotPasswordOfExistingUser(ForgotPasswordTest.java:26)
Caused by: org.openqa.selenium.NoSuchElementException: Element is not usable
For documentation on this error, please visit: http://seleniumhq.org/exceptions/no_such_element.html
Build info: version: &apos;2.31.0&apos;, revision: &apos;1bd294d185a80fa4206dfeab80ba773c04ac33c0&apos;, time: &apos;2013-02-27 13:51:26&apos;
System info: os.name: &apos;Windows 8.1&apos;, os.arch: &apos;amd64&apos;, os.version: &apos;6.3&apos;, java.version: &apos;1.8.0_151&apos;
Driver info: driver.version: unknown
	at org.openqa.selenium.support.pagefactory.AjaxElementLocator$SlowLoadingElement.isLoaded(AjaxElementLocator.java:142)
	at org.openqa.selenium.support.ui.SlowLoadableComponent.get(SlowLoadableComponent.java:70)
	at org.openqa.selenium.support.pagefactory.AjaxElementLocator.findElement(AjaxElementLocator.java:68)
	... 42 more
</failure>
    <system-out>2018-01-06 16:34:09 INFO  ForgotPasswordTest:64 - --------Starting &quot;forgotPasswordOfExistingUser&quot; test---------
2018-01-06 16:34:11 INFO  InternalPage:84 - Login button was clicked |||||| 
2018-01-06 16:34:12 INFO  LoginPage:84 - forgot password button was clicked
2018-01-06 16:34:12 INFO  LoginPage:84 - Username &quot;isko.antontest@gmail.com&quot; typed to username field
2018-01-06 16:34:12 INFO  LoginPage:84 - Send password button was pressed
2018-01-06 16:34:12 INFO  LoginPage:84 - Internal page was loaded successfully |||||| 
2018-01-06 16:34:12 INFO  LoginPage:84 - Login dialog was loaded
2018-01-06 16:34:14 INFO  LoginPage:84 - Login dialog was closed
Message Count is: 2
Message Count is: 4
2018-01-06 16:34:24 INFO  MailHelper2:99 - Email restore password link in email is &quot;http://34.214.90.155/password/reset/b1dc7f4ed338117e0de1f51f879db3e1ac5d9675743d35b27f69ab3e159c0c43&quot;
2018-01-06 16:34:26 INFO  ResetPasswordPage:84 - Email isko.antontest@gmail.com was typed to email field
2018-01-06 16:34:26 INFO  ResetPasswordPage:84 - Password 123456789 was typed to password field
2018-01-06 16:34:26 INFO  ResetPasswordPage:84 - Password 123456789 was typed to password confirmation field
2018-01-06 16:34:26 INFO  ResetPasswordPage:84 - Submit button was pressed on Reset Password Page
2018-01-06 16:34:29 INFO  InternalPage:84 - Login button was clicked |||||| 
</system-out>
    <system-err>Starting ChromeDriver 2.33.506120 (e3e53437346286c0bc2d2dc9aa4915ba81d9023f) on port 35624
Only local connections are allowed.
</system-err>
  </testcase>
  <testcase classname="ru.st.selenium.testSuites.frontEndTestSuite.ForgotPasswordTest" name="forgotPasswordOfNotExistingUser" time="22.659">
    <failure message="Timed out after 10 seconds. Unable to locate the element
For documentation on this error, please visit: http://seleniumhq.org/exceptions/no_such_element.html
Build info: version: &apos;2.31.0&apos;, revision: &apos;1bd294d185a80fa4206dfeab80ba773c04ac33c0&apos;, time: &apos;2013-02-27 13:51:26&apos;
System info: os.name: &apos;Windows 8.1&apos;, os.arch: &apos;amd64&apos;, os.version: &apos;6.3&apos;, java.version: &apos;1.8.0_151&apos;
Driver info: driver.version: unknown" type="org.openqa.selenium.NoSuchElementException">org.openqa.selenium.NoSuchElementException: Timed out after 10 seconds. Unable to locate the element
For documentation on this error, please visit: http://seleniumhq.org/exceptions/no_such_element.html
Build info: version: &apos;2.31.0&apos;, revision: &apos;1bd294d185a80fa4206dfeab80ba773c04ac33c0&apos;, time: &apos;2013-02-27 13:51:26&apos;
System info: os.name: &apos;Windows 8.1&apos;, os.arch: &apos;amd64&apos;, os.version: &apos;6.3&apos;, java.version: &apos;1.8.0_151&apos;
Driver info: driver.version: unknown
	at org.openqa.selenium.support.pagefactory.AjaxElementLocator.findElement(AjaxElementLocator.java:70)
	at org.openqa.selenium.support.pagefactory.internal.LocatingElementHandler.invoke(LocatingElementHandler.java:34)
	at com.sun.proxy.$Proxy6.click(Unknown Source)
	at ru.st.selenium.pages.LoginPage.clickForgotPasswordButton(LoginPage.java:88)
	at ru.st.selenium.applogic2.UserHelper2.restorePasswordOfNotExistingUser(UserHelper2.java:88)
	at ru.st.selenium.testSuites.frontEndTestSuite.ForgotPasswordTest.forgotPasswordOfNotExistingUser(ForgotPasswordTest.java:40)
Caused by: org.openqa.selenium.NoSuchElementException: no such element: Unable to locate element: {&quot;method&quot;:&quot;xpath&quot;,&quot;selector&quot;:&quot;//div[@class = &apos;login&apos;]//div[@class = &apos;forgot&apos;]/a&quot;}
  (Session info: chrome=63.0.3239.132)
  (Driver info: chromedriver=2.33.506120 (e3e53437346286c0bc2d2dc9aa4915ba81d9023f),platform=Windows NT 6.3.9600 x86_64) (WARNING: The server did not provide any stacktrace information)
Command duration or timeout: 26 milliseconds
For documentation on this error, please visit: http://seleniumhq.org/exceptions/no_such_element.html
Build info: version: &apos;2.31.0&apos;, revision: &apos;1bd294d185a80fa4206dfeab80ba773c04ac33c0&apos;, time: &apos;2013-02-27 13:51:26&apos;
System info: os.name: &apos;Windows 8.1&apos;, os.arch: &apos;amd64&apos;, os.version: &apos;6.3&apos;, java.version: &apos;1.8.0_151&apos;
Driver info: org.openqa.selenium.chrome.ChromeDriver
Capabilities [{applicationCacheEnabled=false, rotatable=false, mobileEmulationEnabled=false, networkConnectionEnabled=false, chrome={chromedriverVersion=2.33.506120 (e3e53437346286c0bc2d2dc9aa4915ba81d9023f), userDataDir=C:\Users\Anton89\AppData\Local\Temp\scoped_dir7488_1791}, takesHeapSnapshot=true, pageLoadStrategy=normal, databaseEnabled=false, handlesAlerts=true, hasTouchScreen=false, version=63.0.3239.132, platform=XP, browserConnectionEnabled=false, nativeEvents=true, acceptSslCerts=true, locationContextEnabled=true, webStorageEnabled=true, browserName=chrome, takesScreenshot=true, javascriptEnabled=true, cssSelectorsEnabled=true, setWindowRect=true, unexpectedAlertBehaviour=}]
Session ID: 9437e3a7e7b253c085aec3a960831067
	at sun.reflect.GeneratedConstructorAccessor19.newInstance(Unknown Source)
	at sun.reflect.DelegatingConstructorAccessorImpl.newInstance(DelegatingConstructorAccessorImpl.java:45)
	at java.lang.reflect.Constructor.newInstance(Constructor.java:423)
	at org.openqa.selenium.remote.ErrorHandler.createThrowable(ErrorHandler.java:187)
	at org.openqa.selenium.remote.ErrorHandler.throwIfResponseFailed(ErrorHandler.java:145)
	at org.openqa.selenium.remote.RemoteWebDriver.execute(RemoteWebDriver.java:554)
	at org.openqa.selenium.remote.RemoteWebDriver.findElement(RemoteWebDriver.java:307)
	at org.openqa.selenium.remote.RemoteWebDriver.findElementByXPath(RemoteWebDriver.java:404)
	at org.openqa.selenium.By$ByXPath.findElement(By.java:344)
	at org.openqa.selenium.remote.RemoteWebDriver.findElement(RemoteWebDriver.java:299)
	at org.openqa.selenium.support.pagefactory.DefaultElementLocator.findElement(DefaultElementLocator.java:59)
	at org.openqa.selenium.support.pagefactory.AjaxElementLocator.access$001(AjaxElementLocator.java:38)
	at org.openqa.selenium.support.pagefactory.AjaxElementLocator$SlowLoadingElement.isLoaded(AjaxElementLocator.java:140)
	at org.openqa.selenium.support.ui.SlowLoadableComponent.get(SlowLoadableComponent.java:70)
	at org.openqa.selenium.support.pagefactory.AjaxElementLocator.findElement(AjaxElementLocator.java:68)
	... 38 more
</failure>
    <system-out>2
file:///C:\mafPortalAutomation\target\surefire-reports\FailedTestsScreenshots\06.01.2018_16-35-14\ForgotPasswordTest.jpg
2018-01-06 16:35:14 INFO  ForgotPasswordTest:64 - --------Starting &quot;forgotPasswordOfNotExistingUser&quot; test---------
2018-01-06 16:35:26 INFO  InternalPage:84 - Login button was clicked |||||| 
</system-out>
  </testcase>
  <testcase classname="ru.st.selenium.testSuites.frontEndTestSuite.BuyItemTest" name="buyItemTest" time="93.623"/>
  <testcase classname="ru.st.selenium.testSuites.frontEndTestSuite.DeleteUserFromDataBase" name="deleteUserFromDataBase" time="30.152"/>
  <testcase classname="ru.st.selenium.testSuites.backEndTestSuite.AdminAccountEntry" name="adminAccountEntryWithBlankUser" time="16.817"/>
  <testcase classname="ru.st.selenium.testSuites.backEndTestSuite.AdminAccountEntry" name="adminAccountEntryWithExistingUser" time="28.818"/>
  <testcase classname="ru.st.selenium.testSuites.backEndTestSuite.AdminAccountEntry" name="adminAccountEntryWithNotExistingUser" time="14.863"/>
  <testcase classname="ru.st.selenium.testSuites.backEndTestSuite.AddNewMenuItems" name="addNewMenuItem" time="34.494"/>
  <testcase classname="ru.st.selenium.testSuites.backEndTestSuite.AddNewNews" name="addNewNewsItem" time="76.707"/>
  <testcase classname="ru.st.selenium.testSuites.backEndTestSuite.AddPageItemTest" name="addNewPageItem" time="43.771"/>
  <testcase classname="ru.st.selenium.testSuites.backEndTestSuite.AddNewTournamentItem" name="addNewNewsItem" time="66.572"/>
  <testcase classname="ru.st.selenium.testSuites.backEndTestSuite.AddNewProductItem" name="addNewNewsItem" time="44.858"/>
  <testcase classname="ru.st.selenium.testSuites.backEndTestSuite.AddNewPhotoGallery" name="addNewPhotoGallery" time="47.933"/>
  <testcase classname="ru.st.selenium.testSuites.backEndTestSuite.AddNewVideoGallery" name="addNewVideoGallery" time="30.147">
    <failure message="no such element: Unable to locate element: {&quot;method&quot;:&quot;xpath&quot;,&quot;selector&quot;:&quot;//span[@class = &apos;logo-lg&apos;]&quot;}
  (Session info: chrome=63.0.3239.132)
  (Driver info: chromedriver=2.33.506120 (e3e53437346286c0bc2d2dc9aa4915ba81d9023f),platform=Windows NT 6.3.9600 x86_64) (WARNING: The server did not provide any stacktrace information)
Command duration or timeout: 27 milliseconds
For documentation on this error, please visit: http://seleniumhq.org/exceptions/no_such_element.html
Build info: version: &apos;2.31.0&apos;, revision: &apos;1bd294d185a80fa4206dfeab80ba773c04ac33c0&apos;, time: &apos;2013-02-27 13:51:26&apos;
System info: os.name: &apos;Windows 8.1&apos;, os.arch: &apos;amd64&apos;, os.version: &apos;6.3&apos;, java.version: &apos;1.8.0_151&apos;
Driver info: org.openqa.selenium.chrome.ChromeDriver
Capabilities [{applicationCacheEnabled=false, rotatable=false, mobileEmulationEnabled=false, networkConnectionEnabled=false, chrome={chromedriverVersion=2.33.506120 (e3e53437346286c0bc2d2dc9aa4915ba81d9023f), userDataDir=C:\Users\Anton89\AppData\Local\Temp\scoped_dir10828_6881}, takesHeapSnapshot=true, pageLoadStrategy=normal, databaseEnabled=false, handlesAlerts=true, hasTouchScreen=false, version=63.0.3239.132, platform=XP, browserConnectionEnabled=false, nativeEvents=true, acceptSslCerts=true, locationContextEnabled=true, webStorageEnabled=true, browserName=chrome, takesScreenshot=true, javascriptEnabled=true, cssSelectorsEnabled=true, setWindowRect=true, unexpectedAlertBehaviour=}]
Session ID: 9ccd23cccb522a7c3656d6851e9b7610" type="org.openqa.selenium.NoSuchElementException">org.openqa.selenium.NoSuchElementException: no such element: Unable to locate element: {&quot;method&quot;:&quot;xpath&quot;,&quot;selector&quot;:&quot;//span[@class = &apos;logo-lg&apos;]&quot;}
  (Session info: chrome=63.0.3239.132)
  (Driver info: chromedriver=2.33.506120 (e3e53437346286c0bc2d2dc9aa4915ba81d9023f),platform=Windows NT 6.3.9600 x86_64) (WARNING: The server did not provide any stacktrace information)
Command duration or timeout: 27 milliseconds
For documentation on this error, please visit: http://seleniumhq.org/exceptions/no_such_element.html
Build info: version: &apos;2.31.0&apos;, revision: &apos;1bd294d185a80fa4206dfeab80ba773c04ac33c0&apos;, time: &apos;2013-02-27 13:51:26&apos;
System info: os.name: &apos;Windows 8.1&apos;, os.arch: &apos;amd64&apos;, os.version: &apos;6.3&apos;, java.version: &apos;1.8.0_151&apos;
Driver info: org.openqa.selenium.chrome.ChromeDriver
Capabilities [{applicationCacheEnabled=false, rotatable=false, mobileEmulationEnabled=false, networkConnectionEnabled=false, chrome={chromedriverVersion=2.33.506120 (e3e53437346286c0bc2d2dc9aa4915ba81d9023f), userDataDir=C:\Users\Anton89\AppData\Local\Temp\scoped_dir10828_6881}, takesHeapSnapshot=true, pageLoadStrategy=normal, databaseEnabled=false, handlesAlerts=true, hasTouchScreen=false, version=63.0.3239.132, platform=XP, browserConnectionEnabled=false, nativeEvents=true, acceptSslCerts=true, locationContextEnabled=true, webStorageEnabled=true, browserName=chrome, takesScreenshot=true, javascriptEnabled=true, cssSelectorsEnabled=true, setWindowRect=true, unexpectedAlertBehaviour=}]
Session ID: 9ccd23cccb522a7c3656d6851e9b7610
	at sun.reflect.GeneratedConstructorAccessor19.newInstance(Unknown Source)
	at sun.reflect.DelegatingConstructorAccessorImpl.newInstance(DelegatingConstructorAccessorImpl.java:45)
	at java.lang.reflect.Constructor.newInstance(Constructor.java:423)
	at org.openqa.selenium.remote.ErrorHandler.createThrowable(ErrorHandler.java:187)
	at org.openqa.selenium.remote.ErrorHandler.throwIfResponseFailed(ErrorHandler.java:145)
	at org.openqa.selenium.remote.RemoteWebDriver.execute(RemoteWebDriver.java:554)
	at org.openqa.selenium.remote.RemoteWebDriver.findElement(RemoteWebDriver.java:307)
	at org.openqa.selenium.remote.RemoteWebDriver.findElementByXPath(RemoteWebDriver.java:404)
	at org.openqa.selenium.By$ByXPath.findElement(By.java:344)
	at org.openqa.selenium.remote.RemoteWebDriver.findElement(RemoteWebDriver.java:299)
	at ru.st.selenium.pages.AdminInternalPage.clickLogo(AdminInternalPage.java:71)
	at ru.st.selenium.testSuites.backEndTestSuite.AddNewVideoGallery.addNewVideoGallery(AddNewVideoGallery.java:28)
</failure>
    <system-out>2018-01-06 16:46:19 INFO  AccountEntryTest:19 - --------Starting &quot;addNewVideoGallery&quot; test---------
http://34.214.90.155/ru
2018-01-06 16:46:27 INFO  AdminLoginPage:84 - &quot;mafia@mafia.com&quot; was typed to email field
2018-01-06 16:46:27 INFO  AdminLoginPage:84 - &quot;123456&quot; was typed to password field
2018-01-06 16:46:31 INFO  AdminLoginPage:84 - Login button was clicked
2018-01-06 16:46:38 INFO  AdminInternalPage:84 - Tab Gallery was clicked
2018-01-06 16:46:44 INFO  AdminInternalPage:84 - Tab Video was clicked
2018-01-06 16:46:46 INFO  AdminVideoGalleryPage:84 - Add item was clicked on AdminVideoGalleryPage
2018-01-06 16:46:46 INFO  AdminCreateVideoGalleryPage:84 - Title field filled with &apos;TestVideoGalleryTitle&apos;
2018-01-06 16:46:46 INFO  AdminCreateVideoGalleryPage:84 - Rus title field filled with &apos;Видео галерея тестовое название&apos;
2018-01-06 16:46:46 INFO  AdminCreateVideoGalleryPage:84 - Club &apos;Los Angeles&apos; in select field was chosen
2018-01-06 16:46:47 INFO  AdminCreateVideoGalleryPage:84 - Tournament &apos;15-й Чемпионат Мира в Ереване&apos; in select field was chosen
2018-01-06 16:46:47 INFO  AdminCreatePhotoGalleryPage:84 - Trying to click submit button
2018-01-06 16:46:49 INFO  AdminCreatePhotoGalleryPage:84 - Submit button was clicked
</system-out>
    <system-err>Starting ChromeDriver 2.33.506120 (e3e53437346286c0bc2d2dc9aa4915ba81d9023f) on port 29887
Only local connections are allowed.
</system-err>
  </testcase>
  <testcase classname="ru.st.selenium.testSuites.backEndTestSuite.UploadingPhoto" name="adminAccountEntryWithExistingUser" time="29.321"/>
</testsuite>