<?xml version="1.0" encoding="UTF-8"?>
<testsuite name="Login to account"
           tests="2"
           failures="0"
           errors="0"
           skipped="0"
           time="41,627">
  <properties />
  
  
            <testcase name="accountEntryWithNotExistingUser" time="7,365" classname="ru.st.selenium.testSuites.frontEndTestSuite.AccountEntryTest" />
                <testcase name="accountEntryWithExistingUser" time="34,262" classname="ru.st.selenium.testSuites.frontEndTestSuite.AccountEntryTest" />
      
</testsuite>
