<?xml version="1.0" encoding="UTF-8"?>
<testsuite name="Проверка статуса обновления прошивки"
           tests="2"
           failures="0"
           errors="0"
           skipped="0"
           time="41,324">
  <properties />
  
  
            <testcase name="CameraN1001FirmwareStatusTest" time="21,714" classname="ru.st.selenium.testSuites.onlineTestSuite.CameraFirmwareStatusTest" />
                <testcase name="CameraN1251FirmwareStatusTest" time="19,610" classname="ru.st.selenium.testSuites.onlineTestSuite.CameraFirmwareStatusTest" />
      
</testsuite>
