<?xml version="1.0" encoding="UTF-8"?>
<testsuite name="Forgot password tests"
           tests="2"
           failures="0"
           errors="0"
           skipped="0"
           time="79,048">
  <properties />
  
  
            <testcase name="forgotPasswordOfExistingUser" time="73,452" classname="ru.st.selenium.testSuites.frontEndTestSuite.ForgotPasswordTest" />
                <testcase name="forgotPasswordOfNotExistingUser" time="5,596" classname="ru.st.selenium.testSuites.frontEndTestSuite.ForgotPasswordTest" />
      
</testsuite>
