<?xml version="1.0" encoding="UTF-8"?>
<testsuite name="Проверка онлайна с камер"
           tests="2"
           failures="0"
           errors="0"
           skipped="0"
           time="68,699">
  <properties />
  
  
            <testcase name="VideoStreamOnlineTest2" time="37,043" classname="ru.st.selenium.testSuites.onlineTestSuite.VideoStreamOnlineTest" />
                <testcase name="VideoStreamOnlineTest1" time="31,656" classname="ru.st.selenium.testSuites.onlineTestSuite.VideoStreamOnlineTest" />
      
</testsuite>
