<?xml version="1.0" encoding="UTF-8"?>
<testsuite name="Admin panel entry test"
           tests="3"
           failures="0"
           errors="0"
           skipped="0"
           time="60,498">
  <properties />
  
  
            <testcase name="adminAccountEntryWithNotExistingUser" time="14,863" classname="ru.st.selenium.testSuites.backEndTestSuite.AdminAccountEntry" />
                <testcase name="adminAccountEntryWithExistingUser" time="28,817" classname="ru.st.selenium.testSuites.backEndTestSuite.AdminAccountEntry" />
                <testcase name="adminAccountEntryWithBlankUser" time="16,818" classname="ru.st.selenium.testSuites.backEndTestSuite.AdminAccountEntry" />
      
</testsuite>
